# This file contains information about inputs as read by the program

 Population size = 276
 Number of generations = 2000
 Number of objective functions = 10
 Number of constraints = 0
 Number of equality constraints = 0
 Number of real variables = 19
 Lower limit of real variable 1 = 0.000000e+00
 Upper limit of real variable 1 = 1.000000e+00
 Lower limit of real variable 2 = 0.000000e+00
 Upper limit of real variable 2 = 1.000000e+00
 Lower limit of real variable 3 = 0.000000e+00
 Upper limit of real variable 3 = 1.000000e+00
 Lower limit of real variable 4 = 0.000000e+00
 Upper limit of real variable 4 = 1.000000e+00
 Lower limit of real variable 5 = 0.000000e+00
 Upper limit of real variable 5 = 1.000000e+00
 Lower limit of real variable 6 = 0.000000e+00
 Upper limit of real variable 6 = 1.000000e+00
 Lower limit of real variable 7 = 0.000000e+00
 Upper limit of real variable 7 = 1.000000e+00
 Lower limit of real variable 8 = 0.000000e+00
 Upper limit of real variable 8 = 1.000000e+00
 Lower limit of real variable 9 = 0.000000e+00
 Upper limit of real variable 9 = 1.000000e+00
 Lower limit of real variable 10 = 0.000000e+00
 Upper limit of real variable 10 = 1.000000e+00
 Lower limit of real variable 11 = 0.000000e+00
 Upper limit of real variable 11 = 1.000000e+00
 Lower limit of real variable 12 = 0.000000e+00
 Upper limit of real variable 12 = 1.000000e+00
 Lower limit of real variable 13 = 0.000000e+00
 Upper limit of real variable 13 = 1.000000e+00
 Lower limit of real variable 14 = 0.000000e+00
 Upper limit of real variable 14 = 1.000000e+00
 Lower limit of real variable 15 = 0.000000e+00
 Upper limit of real variable 15 = 1.000000e+00
 Lower limit of real variable 16 = 0.000000e+00
 Upper limit of real variable 16 = 1.000000e+00
 Lower limit of real variable 17 = 0.000000e+00
 Upper limit of real variable 17 = 1.000000e+00
 Lower limit of real variable 18 = 0.000000e+00
 Upper limit of real variable 18 = 1.000000e+00
 Lower limit of real variable 19 = 0.000000e+00
 Upper limit of real variable 19 = 1.000000e+00
 Probability of crossover of real variable = 1.000000e+00
 Probability of mutation of real variable = 5.263158e-02
 Distribution index for crossover = 3.000000e+01
 Distribution index for mutation = 2.000000e+01
 Number of binary variables = 0
 Seed for random number generator = 9.450000e-01