7.133755e-14	3.214993e-236	2.847582e-97	1.995954e-43	3.648607e-64	1.881311e-39	1.209447e-118	2.014109e-69	3.728857e-53	1.000000e+00	
1.141588e-06	7.109484e-09	4.382693e-179	3.677551e-129	5.114557e-06	2.483293e-63	7.468872e-06	6.617947e-95	4.471921e-01	8.944379e-01	
5.300693e-06	5.570161e-96	2.143263e-12	2.289608e-31	2.393471e-73	2.730636e-97	2.634751e-57	2.464017e-08	8.944113e-01	4.472454e-01	
5.742776e-09	6.289730e-105	5.856636e-58	6.787502e-10	2.527075e-15	2.027308e-123	4.609775e-57	5.920149e-57	1.000000e+00	2.210662e-76	
2.086830e-06	6.165460e-88	1.543071e-06	1.087137e-32	8.999955e-24	5.589157e-23	1.735744e-06	4.475336e-01	7.025949e-47	8.947592e-01	
1.950558e-04	7.689145e-05	3.798581e-06	6.372603e-04	3.597647e-05	3.262746e-04	7.896164e-57	5.775870e-01	5.774973e-01	5.773140e-01	
4.502755e-05	1.521601e-05	5.852882e-05	1.790585e-06	1.840945e-174	1.216077e-62	3.235233e-122	4.470348e-01	8.945166e-01	1.361757e-73	
4.782461e-08	1.852362e-149	1.433808e-65	6.169214e-08	2.435315e-07	7.164842e-81	4.235944e-09	8.944326e-01	1.786400e-35	4.472095e-01	
1.072877e-04	6.149028e-05	6.765251e-05	5.156797e-05	3.063479e-06	1.038580e-04	4.551136e-110	8.944284e-01	4.472212e-01	5.657903e-10	
6.824925e-10	2.080525e-09	1.956039e-91	1.204603e-10	9.630301e-10	4.664811e-55	2.194029e-62	1.000004e+00	4.340898e-42	2.115835e-143	
6.119814e-10	2.254826e-08	6.957565e-09	6.296394e-08	4.831581e-08	6.084579e-06	4.469151e-01	2.449244e-57	2.618103e-12	8.945769e-01	
7.575806e-06	3.985219e-05	1.889521e-06	1.942996e-11	1.179934e-05	3.216892e-06	5.773441e-01	5.665071e-108	5.773448e-01	5.773619e-01	
1.729469e-04	1.310587e-44	7.752666e-89	7.680941e-231	7.456499e-05	4.518721e-82	4.476634e-01	1.049321e-56	8.942089e-01	2.159125e-80	
3.281719e-04	3.602899e-05	1.970463e-08	5.308914e-05	4.423706e-30	3.091599e-61	5.772486e-01	5.774471e-01	1.726505e-19	5.773608e-01	
2.168386e-04	1.832201e-91	1.344404e-85	1.901737e-73	5.765143e-70	6.885012e-115	5.772404e-01	5.774709e-01	5.773492e-01	9.887824e-135	
6.567035e-06	8.289651e-08	1.695333e-06	1.150464e-07	4.747960e-06	1.195499e-69	4.472339e-01	8.944183e-01	1.057964e-11	4.687529e-24	
5.276954e-09	1.180314e-07	6.069185e-70	9.365852e-153	2.031848e-25	7.182210e-79	8.944154e-01	9.620219e-73	3.062223e-50	4.472376e-01	
1.030273e-06	8.112141e-08	1.275368e-11	6.929080e-07	1.173385e-05	4.620028e-114	8.944290e-01	4.654856e-140	4.472192e-01	2.808079e-17	
2.034916e-08	2.805227e-08	1.783802e-09	2.445893e-07	2.696082e-07	2.084892e-08	8.943995e-01	4.472691e-01	8.014021e-26	8.299087e-47	
1.757475e-08	3.590217e-192	1.617523e-18	5.466899e-112	2.251935e-125	6.417427e-10	1.000000e+00	1.717054e-101	1.143114e-27	9.988842e-109	
1.738712e-05	1.017035e-06	3.104961e-69	2.937202e-06	1.287014e-06	4.478490e-01	3.483356e-100	6.309863e-44	1.636753e-25	8.942603e-01	
5.656555e-07	1.044080e-04	1.056922e-03	1.673478e-156	3.901566e-07	5.770875e-01	6.863734e-33	2.009886e-29	5.774650e-01	5.774973e-01	
2.164001e-07	1.171498e-09	6.278235e-05	3.546501e-40	8.352882e-06	4.476636e-01	3.255129e-129	5.769562e-120	8.957453e-01	5.779258e-109	
1.403944e-06	5.528354e-08	4.413740e-07	6.965008e-05	4.532972e-05	5.769493e-01	3.657281e-07	5.771875e-01	1.439815e-46	5.779145e-01	
1.972310e-06	1.407705e-94	6.329395e-06	1.629332e-83	7.341868e-15	5.774867e-01	4.449508e-39	5.772306e-01	5.773400e-01	6.148528e-66	
9.069044e-07	2.832723e-08	2.636912e-20	8.231448e-09	6.641646e-07	4.472319e-01	5.045157e-84	8.944181e-01	3.423710e-50	1.063439e-58	
1.382259e-06	4.666886e-07	5.396811e-10	2.048482e-146	1.295102e-07	5.780147e-01	5.785926e-01	4.132328e-32	2.221378e-50	5.781335e-01	
4.853709e-04	9.972124e-241	1.722229e-139	1.702660e-174	4.612468e-33	5.772119e-01	5.774756e-01	1.796448e-87	5.773631e-01	2.721373e-163	
2.174993e-06	1.008081e-06	2.910053e-06	2.164106e-119	8.183521e-56	5.773407e-01	5.771100e-01	5.776064e-01	2.020200e-43	3.967274e-76	
3.606308e-05	1.163040e-09	1.891421e-211	1.254024e-31	4.712218e-102	4.474690e-01	8.943062e-01	5.305649e-157	5.982844e-35	6.158318e-127	
6.975997e-05	5.574387e-06	4.965754e-62	4.274395e-41	5.066954e-24	8.944138e-01	1.189665e-29	2.071672e-118	1.525132e-31	4.472490e-01	
8.868916e-06	5.963516e-124	3.157453e-49	4.369279e-35	9.604719e-09	8.944260e-01	6.823671e-55	1.111494e-54	4.472185e-01	2.494041e-105	
9.003453e-07	1.363986e-07	1.386763e-07	1.560274e-07	1.759969e-187	8.944020e-01	5.011355e-25	4.472656e-01	8.035383e-23	2.699096e-48	
1.338726e-07	8.054288e-164	8.710079e-07	1.511740e-07	6.931533e-194	8.943618e-01	4.473453e-01	6.207918e-28	8.168120e-12	2.721697e-46	
8.869253e-11	1.222587e-14	2.259059e-11	1.052931e-13	1.392022e-09	1.000000e+00	5.261431e-53	2.438140e-100	2.101369e-11	4.852879e-13	
5.494261e-06	2.400573e-82	4.458446e-139	8.325031e-13	4.473694e-01	5.335178e-201	5.901477e-49	4.014635e-146	1.973360e-06	8.944144e-01	
7.700537e-05	4.631794e-38	6.263637e-170	3.622012e-32	5.776994e-01	3.118467e-117	1.707932e-132	3.596146e-106	5.776310e-01	5.776787e-01	
1.608115e-06	6.412261e-05	1.760215e-20	4.439891e-08	4.470514e-01	1.026742e-46	3.804561e-86	3.090865e-75	8.945150e-01	1.129359e-69	
6.589499e-05	8.487208e-33	6.065538e-72	3.682111e-149	5.771172e-01	8.238374e-74	1.237135e-35	5.777947e-01	3.220465e-62	5.771465e-01	
1.488903e-07	5.872203e-07	4.186090e-08	3.143548e-99	5.774072e-01	9.352251e-66	5.961414e-10	5.772803e-01	5.773656e-01	7.615033e-75	
3.375303e-05	9.372621e-136	2.638311e-321	3.438719e-05	4.475102e-01	4.916042e-88	4.990476e-58	8.954124e-01	2.892985e-53	9.038567e-78	
7.903575e-05	8.266292e-87	2.603681e-11	6.883307e-59	5.771467e-01	4.140233e-64	5.774117e-01	1.089675e-16	9.638895e-19	5.774926e-01	
6.890292e-06	1.172883e-09	1.571093e-137	9.666494e-06	5.775184e-01	1.342908e-75	5.772518e-01	3.704847e-100	5.772807e-01	1.068423e-48	
4.757415e-10	1.277682e-07	6.730905e-06	8.120311e-05	5.773875e-01	2.127179e-122	5.770499e-01	5.776134e-01	2.003344e-22	7.751205e-48	
1.228189e-05	5.412134e-07	1.160468e-07	9.069313e-07	4.464965e-01	9.796431e-64	8.947856e-01	5.578313e-91	2.753332e-14	4.654185e-72	
5.548673e-06	3.724339e-35	1.805208e-07	1.094985e-05	5.781930e-01	5.775238e-01	8.865669e-103	1.944780e-126	1.646421e-94	5.776269e-01	
9.375317e-07	1.725345e-119	2.059432e-12	1.118845e-07	5.772384e-01	5.774507e-01	1.588949e-149	3.168071e-87	5.773632e-01	1.905094e-12	
1.870056e-06	1.910818e-51	3.832397e-05	1.319554e-268	5.775617e-01	5.768849e-01	2.484406e-51	5.776040e-01	4.852315e-41	1.249997e-65	
3.486104e-06	7.157902e-08	3.301534e-153	3.760285e-06	5.777584e-01	5.767925e-01	5.774995e-01	1.317282e-17	5.326086e-44	5.219372e-99	
4.575193e-06	1.138902e-06	9.519273e-211	3.324351e-06	4.471547e-01	8.944575e-01	1.770539e-72	1.554161e-84	1.253214e-14	1.858391e-151	
3.625015e-06	4.086969e-92	1.307563e-22	1.247699e-174	8.944452e-01	7.767306e-218	1.782633e-104	3.722936e-84	4.599602e-13	4.472141e-01	
2.551102e-05	3.730959e-193	1.065006e-60	2.811496e-50	8.944225e-01	3.680791e-49	1.096521e-36	6.665194e-173	4.472231e-01	7.608830e-139	
3.786060e-06	7.010078e-12	1.705086e-07	3.412164e-06	8.945068e-01	3.825901e-60	3.684734e-120	4.473492e-01	1.643250e-39	3.034573e-25	
1.146236e-06	7.704077e-07	1.731852e-168	2.199703e-121	8.947751e-01	2.352806e-69	4.470330e-01	6.905246e-159	3.585829e-25	7.107403e-87	
1.054440e-04	5.708020e-05	6.752540e-135	5.479716e-77	8.971243e-01	4.484978e-01	1.335483e-24	2.604789e-29	7.711143e-16	8.757909e-65	
5.630734e-08	4.335563e-113	7.397887e-235	1.835778e-08	1.000000e+00	3.531423e-128	7.563814e-165	7.964910e-68	1.251254e-16	2.152889e-71	
1.570069e-09	1.451306e-05	5.084663e-06	4.469608e-01	5.210097e-24	2.639501e-70	4.021405e-49	8.684194e-61	9.742544e-38	8.945535e-01	
1.826274e-07	4.585051e-132	2.026996e-68	5.778938e-01	3.373773e-06	1.020420e-133	2.270714e-72	9.155135e-60	5.771573e-01	5.771012e-01	
3.347620e-07	2.739861e-99	9.330552e-08	4.470541e-01	4.189632e-07	6.863823e-231	5.503629e-39	2.441617e-173	8.945205e-01	1.081798e-31	
8.336775e-08	6.640246e-175	1.153590e-08	5.781616e-01	7.095133e-230	7.034798e-125	1.345928e-71	5.767516e-01	5.918387e-17	5.771369e-01	
1.667668e-06	4.542143e-86	1.624495e-05	5.768708e-01	2.038263e-57	1.502491e-62	7.735921e-07	5.779029e-01	5.772861e-01	8.534253e-135	
3.710320e-07	9.403883e-08	1.332458e-13	4.474277e-01	1.997537e-08	5.169869e-116	5.410487e-36	8.943202e-01	1.223023e-14	6.218973e-194	
5.381345e-06	1.036039e-139	2.315522e-06	5.776785e-01	8.499670e-42	9.898297e-129	5.771842e-01	1.338251e-145	1.706164e-50	5.771880e-01	
2.719015e-04	7.387444e-95	7.300863e-09	5.778691e-01	3.310283e-43	1.178197e-75	5.762846e-01	4.259981e-17	5.779035e-01	2.797709e-96	
4.755015e-05	1.154658e-03	1.150301e-08	5.774892e-01	1.328621e-37	1.327387e-57	5.769654e-01	5.775973e-01	2.374016e-14	2.208287e-141	
1.037556e-05	3.874087e-84	4.926743e-22	4.486691e-01	6.982510e-45	1.603499e-38	8.981463e-01	1.037995e-228	1.138875e-15	5.053231e-90	
4.633673e-04	1.155913e-04	6.719314e-06	5.773022e-01	4.785227e-31	5.776057e-01	2.720499e-118	2.178013e-29	9.599037e-64	5.771477e-01	
2.545997e-05	1.919170e-06	5.185641e-60	5.783805e-01	1.070553e-54	5.770113e-01	5.704871e-56	1.864026e-95	5.769990e-01	6.412544e-79	
2.896145e-04	1.320230e-44	4.837609e-59	5.780004e-01	4.845156e-169	5.771438e-01	1.598446e-101	5.769082e-01	1.881672e-22	6.769352e-11	
1.233740e-05	5.737223e-06	7.080268e-06	5.779955e-01	5.030907e-223	5.770929e-01	5.769954e-01	5.541400e-60	8.023057e-23	5.054300e-79	
3.866188e-08	1.251546e-94	1.883291e-09	4.476305e-01	1.321337e-29	8.955259e-01	2.136348e-52	7.429009e-182	7.411224e-49	9.019548e-09	
1.665932e-04	2.171393e-06	1.639989e-04	5.777017e-01	5.772023e-01	4.966524e-94	6.726438e-111	3.638002e-109	5.802718e-43	5.772154e-01	
2.036033e-07	3.897611e-07	1.123014e-160	5.773384e-01	5.773526e-01	9.828737e-48	2.086033e-30	3.048361e-168	5.773669e-01	6.240298e-141	
1.926079e-05	5.963584e-158	1.379354e-182	5.773257e-01	5.771397e-01	2.247352e-173	1.404301e-48	5.775853e-01	1.401745e-27	1.235001e-131	
2.757342e-06	3.460518e-04	9.400831e-07	5.939446e-01	5.947451e-01	1.798450e-56	5.980864e-01	8.055985e-208	1.059602e-25	3.665965e-122	
4.591890e-05	2.422659e-05	9.394002e-05	5.773101e-01	5.773204e-01	5.774252e-01	5.776648e-54	1.542271e-102	1.191265e-44	6.705289e-81	
1.782845e-06	1.531117e-05	2.399212e-06	4.474318e-01	8.943181e-01	4.820127e-174	2.000014e-48	3.897510e-206	3.620375e-43	3.322983e-35	
1.921169e-06	2.583814e-10	1.130075e-06	8.945075e-01	5.724308e-43	8.474079e-141	4.334124e-36	5.490855e-98	6.474063e-12	4.472412e-01	
1.359250e-07	4.856746e-144	3.822018e-07	8.944266e-01	2.463066e-39	2.738151e-114	7.731542e-45	3.665256e-69	4.472174e-01	2.145141e-93	
1.144830e-08	1.027145e-172	3.752413e-53	8.943903e-01	7.434953e-33	1.229147e-55	4.022897e-37	4.472926e-01	1.206630e-23	2.032510e-181	
9.329496e-07	9.825362e-07	1.385638e-06	8.944318e-01	4.202617e-42	1.605046e-115	4.472059e-01	1.553910e-127	6.367375e-26	2.617125e-38	
4.744380e-08	6.097548e-08	3.539553e-09	8.943866e-01	2.408593e-34	4.473011e-01	3.588962e-53	1.417258e-15	1.085289e-48	1.597837e-34	
6.969653e-07	8.444749e-286	3.018247e-07	8.944997e-01	4.470697e-01	8.731751e-52	6.403876e-47	7.349734e-136	4.365690e-36	2.350353e-93	
1.339514e-11	5.558899e-132	1.882673e-70	1.000001e+00	1.978449e-87	2.638885e-87	2.149165e-119	2.208163e-294	2.089319e-50	7.112602e-46	
1.040603e-06	5.730077e-127	4.471103e-01	6.747354e-48	8.330897e-181	5.019538e-112	4.980336e-134	6.133020e-120	1.802065e-46	8.944789e-01	
2.518982e-05	1.810213e-206	5.784414e-01	1.489966e-45	3.430674e-66	1.851421e-115	2.239963e-40	3.190199e-46	5.761117e-01	5.774977e-01	
1.590542e-06	6.232954e-45	4.470448e-01	5.169619e-75	2.160415e-215	5.667631e-48	5.340923e-37	2.391427e-172	8.945157e-01	2.641093e-106	
1.680988e-05	2.230395e-06	5.773823e-01	6.371861e-154	4.925496e-67	5.630873e-71	3.365362e-98	5.775979e-01	2.561515e-40	5.771888e-01	
1.228227e-06	4.610487e-100	5.772399e-01	5.154016e-07	2.957709e-08	4.038056e-112	6.379496e-58	5.774647e-01	5.773463e-01	3.479664e-129	
2.576308e-06	1.493352e-07	4.472278e-01	9.504824e-128	3.715677e-58	3.284878e-294	1.062512e-25	8.944243e-01	5.525709e-06	2.573713e-48	
5.097770e-04	4.666482e-150	5.746924e-01	1.054715e-138	1.549809e-80	9.004871e-82	5.801124e-01	1.518952e-32	4.372077e-38	5.772330e-01	
1.047711e-05	2.671894e-31	5.760603e-01	2.230247e-89	8.814554e-75	1.587509e-78	5.791372e-01	5.175182e-81	5.768530e-01	7.925158e-153	
1.038021e-05	2.731910e-06	5.774089e-01	3.871347e-90	1.509737e-72	8.615633e-274	5.772506e-01	5.773929e-01	4.958888e-36	6.565726e-154	
1.683929e-05	3.621490e-12	4.471050e-01	6.011152e-94	5.584035e-189	3.294459e-58	8.944861e-01	5.636873e-189	1.076865e-15	1.521552e-75	
1.373321e-05	1.172646e-05	5.777937e-01	1.649751e-214	1.050785e-71	5.771304e-01	1.064371e-45	6.335174e-52	5.579233e-16	5.771269e-01	
1.334683e-05	6.695983e-11	5.771041e-01	2.100866e-189	8.065124e-136	5.773080e-01	3.380819e-119	5.783686e-103	5.776465e-01	5.467340e-75	
1.795969e-05	3.013795e-48	5.771672e-01	6.019121e-21	1.398276e-101	5.774318e-01	1.029175e-33	5.774596e-01	9.832998e-28	1.489641e-102	
3.879764e-06	3.091242e-45	5.766445e-01	1.852022e-48	1.007182e-66	5.774851e-01	5.779223e-01	2.613218e-60	9.929817e-49	2.387576e-105	
4.305320e-06	4.667674e-07	4.466015e-01	4.191349e-35	1.045253e-192	8.947367e-01	1.580179e-43	1.687357e-72	1.178390e-63	1.251495e-45	
7.718043e-06	1.167023e-06	5.778250e-01	3.015035e-90	5.771055e-01	1.780321e-62	1.937022e-64	1.356751e-246	4.128532e-15	5.771632e-01	
2.478463e-06	3.940414e-43	5.771364e-01	3.032777e-169	5.775921e-01	1.130960e-85	5.388198e-85	9.163648e-94	5.773227e-01	1.813947e-74	
1.129110e-06	4.547769e-07	5.772164e-01	1.313920e-109	5.772502e-01	1.769527e-170	3.297843e-28	5.775853e-01	1.952525e-58	2.834095e-76	
1.595042e-04	1.317955e-81	5.771668e-01	4.669997e-67	5.774864e-01	1.645130e-37	5.773993e-01	8.757030e-30	6.908530e-16	8.191032e-87	
3.421011e-06	2.128093e-88	5.772956e-01	1.219027e-138	5.773346e-01	5.774251e-01	5.961043e-62	4.865650e-172	7.216712e-53	8.681109e-49	
6.724447e-07	6.722826e-07	4.478822e-01	7.188972e-48	8.958147e-01	8.774939e-32	1.688876e-63	3.011116e-119	1.795251e-07	2.305608e-158	
4.060839e-06	4.612581e-129	5.770005e-01	5.778367e-01	1.059986e-209	2.983132e-189	5.085750e-47	2.154849e-105	3.111565e-45	5.772133e-01	
1.417873e-05	1.252021e-182	5.790826e-01	5.786462e-01	1.181742e-40	2.936969e-49	5.484786e-190	6.902807e-184	5.787877e-01	5.379689e-104	
8.000957e-06	3.195532e-82	5.773588e-01	5.772317e-01	8.775348e-08	1.597359e-102	3.480855e-24	5.774636e-01	1.328911e-27	2.632160e-48	
2.105420e-03	4.793452e-05	5.774462e-01	5.772187e-01	1.348154e-37	8.248909e-60	5.773820e-01	7.139390e-83	2.924039e-40	1.486650e-25	
1.081601e-05	7.524217e-85	5.766852e-01	5.765697e-01	1.035566e-30	5.787933e-01	1.235059e-49	2.297714e-53	8.374790e-48	2.733641e-110	
3.353399e-06	1.413399e-07	5.774244e-01	5.773613e-01	5.772652e-01	1.132266e-08	9.190938e-29	8.798528e-46	1.810643e-26	1.608123e-76	
5.833526e-06	8.969526e-06	4.483436e-01	8.938613e-01	1.443547e-40	6.069925e-49	8.566086e-124	6.414515e-76	9.200634e-17	5.365855e-104	
9.959445e-05	3.187872e-05	8.944788e-01	1.752131e-197	6.624934e-117	3.209686e-72	2.711188e-50	2.155425e-116	2.657834e-26	4.472306e-01	
1.897132e-06	1.358003e-186	8.943989e-01	5.109887e-71	2.873344e-132	1.306975e-89	3.730985e-49	8.437052e-135	4.472737e-01	2.501030e-116	
5.122178e-06	6.129896e-07	8.944252e-01	6.089000e-111	5.592005e-47	1.148221e-73	2.587611e-112	4.472233e-01	9.253808e-34	1.631666e-76	
3.893853e-05	1.182686e-148	8.941571e-01	3.996881e-89	5.303150e-66	2.861934e-115	4.477552e-01	5.515168e-46	7.319743e-16	2.855862e-77	
1.226666e-06	1.037677e-07	8.944550e-01	4.588574e-90	1.036898e-48	4.471580e-01	4.036049e-37	4.251147e-290	2.426723e-24	2.543093e-98	
4.078891e-06	2.990944e-162	8.944909e-01	2.344187e-166	4.470945e-01	1.905343e-84	7.688899e-37	1.784362e-97	2.529778e-43	3.547110e-30	
5.999827e-07	2.591004e-07	8.941434e-01	4.477808e-01	3.460420e-57	1.831172e-95	1.805256e-38	1.214910e-121	1.146882e-47	9.432994e-47	
3.711723e-08	6.339233e-07	1.000000e+00	1.846668e-57	4.429913e-80	3.823545e-148	3.499746e-151	1.694292e-200	3.080783e-16	3.998547e-46	
4.157825e-06	4.471154e-01	9.703008e-265	3.684593e-83	1.195219e-154	1.827704e-81	3.531575e-51	7.669404e-52	2.920757e-16	8.944819e-01	
1.059636e-06	5.772143e-01	2.837769e-183	1.043747e-98	2.438605e-139	3.911476e-87	1.906714e-32	8.611182e-226	5.775909e-01	5.776226e-01	
1.610051e-06	4.470443e-01	4.685787e-44	6.660591e-38	1.109292e-56	5.906803e-115	3.190810e-35	8.838974e-108	8.945148e-01	4.937226e-198	
1.774254e-06	5.771149e-01	1.528735e-61	1.166282e-27	1.024726e-18	1.357976e-63	1.000385e-36	5.777924e-01	8.621965e-20	5.771443e-01	
1.357673e-05	5.772492e-01	2.132447e-05	1.432418e-160	1.294989e-07	3.188656e-89	7.636274e-116	5.774747e-01	5.773281e-01	6.227291e-75	
3.328311e-06	4.474293e-01	4.513624e-80	4.391416e-117	9.395390e-100	8.171947e-58	1.948386e-43	8.943234e-01	5.316890e-23	9.026588e-71	
2.799780e-06	5.772391e-01	1.283603e-162	5.742242e-30	1.810167e-192	3.534053e-70	5.792844e-01	3.848685e-186	4.708927e-40	5.779506e-01	
2.547292e-06	5.772323e-01	4.796863e-58	2.461572e-161	9.146623e-88	1.755716e-69	5.774958e-01	6.413095e-53	5.773229e-01	3.880788e-84	
1.693937e-07	5.774954e-01	6.997427e-62	1.258523e-100	1.491802e-06	1.675678e-97	5.769704e-01	5.775848e-01	2.022748e-50	1.290556e-29	
2.831168e-06	4.472207e-01	1.066964e-157	1.021460e-163	8.526366e-55	1.953189e-63	8.944263e-01	6.494772e-113	7.766468e-32	2.135792e-110	
9.396135e-07	5.771352e-01	1.202492e-63	4.329822e-143	1.104539e-18	5.774610e-01	8.511052e-59	1.092468e-74	1.144200e-19	5.774545e-01	
3.120636e-04	5.772903e-01	2.679606e-170	4.710553e-72	3.547816e-97	5.774324e-01	3.685271e-38	4.387505e-157	5.773306e-01	2.359282e-80	
2.190965e-06	5.772134e-01	1.810166e-221	1.738349e-46	7.650086e-56	5.772977e-01	1.560368e-50	5.776344e-01	1.005630e-48	1.728976e-67	
1.649132e-04	5.772671e-01	1.036338e-73	1.675303e-26	3.750628e-51	5.778190e-01	5.770060e-01	2.841800e-59	1.082909e-49	1.468108e-76	
5.499843e-06	4.471927e-01	1.076704e-49	3.215422e-26	6.557435e-122	8.944419e-01	2.117014e-125	6.341135e-173	1.013683e-15	1.136190e-42	
6.501526e-06	5.778132e-01	4.845045e-115	8.196070e-132	5.776007e-01	5.981801e-133	9.426951e-35	9.263087e-246	5.342938e-44	5.774809e-01	
6.903847e-06	5.784588e-01	3.495281e-07	3.526917e-117	5.762555e-01	3.186565e-102	1.178929e-164	4.987136e-95	5.773346e-01	4.751901e-77	
2.822564e-05	5.772178e-01	9.545645e-07	2.312482e-28	5.772345e-01	2.199905e-47	7.728028e-11	5.776057e-01	1.545181e-43	1.140184e-142	
1.545246e-06	5.773895e-01	7.592417e-53	6.820522e-140	5.773483e-01	2.920623e-54	5.774042e-01	1.323684e-12	8.999861e-35	1.077325e-66	
4.915783e-06	5.771940e-01	1.866284e-05	1.153250e-107	5.772170e-01	5.776417e-01	7.748663e-56	1.267375e-85	1.161692e-58	8.093464e-35	
1.049589e-05	4.470193e-01	1.367154e-59	0.000000e+00	8.945994e-01	4.262451e-44	8.141714e-103	6.204396e-184	1.879096e-48	3.029182e-48	
2.660134e-06	5.769329e-01	1.204611e-08	5.776663e-01	2.642514e-75	5.335943e-53	3.771228e-131	1.982898e-61	4.661564e-38	5.774565e-01	
2.191262e-07	5.780039e-01	2.083348e-111	5.788356e-01	7.268009e-14	9.531336e-54	5.209473e-66	1.803064e-149	5.778651e-01	6.246267e-74	
9.769377e-06	5.777129e-01	7.504613e-53	5.768012e-01	3.539534e-57	1.884189e-54	3.450327e-53	5.776268e-01	9.532241e-35	6.537257e-132	
2.643439e-05	5.767091e-01	7.611109e-11	5.763570e-01	2.103064e-98	6.954149e-81	5.791686e-01	9.798584e-123	1.565924e-30	7.605986e-122	
1.596839e-06	5.772481e-01	1.807313e-154	5.774725e-01	7.636341e-19	5.773303e-01	8.184635e-67	3.270568e-90	4.158510e-49	1.086063e-111	
3.333300e-05	5.777115e-01	3.356219e-58	5.777326e-01	5.766060e-01	1.238705e-69	8.701912e-49	1.263932e-61	2.249143e-42	8.026278e-101	
1.166265e-06	4.476390e-01	2.775875e-136	8.942143e-01	1.377636e-52	4.193159e-38	3.517126e-105	7.177913e-127	5.382859e-16	2.017342e-162	
5.366163e-06	5.770551e-01	5.775747e-01	3.736779e-261	8.999841e-60	4.082932e-71	1.143241e-09	1.626305e-70	1.995610e-38	5.774293e-01	
6.717723e-06	5.773341e-01	5.773930e-01	9.397234e-104	2.085230e-51	1.552994e-86	1.259904e-120	4.803238e-94	5.773340e-01	1.458998e-45	
6.784946e-06	5.770714e-01	5.776976e-01	8.710003e-107	1.063264e-100	2.514110e-47	4.770433e-125	5.772818e-01	8.460493e-24	4.596785e-81	
6.502277e-06	5.781816e-01	5.782823e-01	2.714306e-27	9.937232e-181	2.218016e-102	5.756070e-01	7.371214e-17	9.042154e-37	2.145919e-53	
6.881989e-06	5.791737e-01	5.767699e-01	9.647385e-132	9.816174e-92	5.761034e-01	2.949142e-121	2.400712e-60	2.297891e-26	4.565678e-13	
2.940108e-05	5.773649e-01	5.778512e-01	1.305260e-37	5.768407e-01	1.862336e-47	1.865098e-30	1.652836e-118	5.152621e-35	1.106676e-74	
2.988869e-07	5.777274e-01	5.793433e-01	5.749716e-01	1.303775e-149	7.483969e-32	3.472753e-50	2.316963e-150	4.151390e-28	8.638998e-132	
4.163917e-06	4.472321e-01	8.944226e-01	4.090968e-28	1.743601e-169	8.281462e-95	1.045382e-137	5.188362e-186	2.137920e-44	2.337467e-71	
1.007955e-05	8.944366e-01	2.080072e-12	7.187307e-101	4.386198e-07	2.603262e-88	4.006695e-105	1.429430e-51	5.191497e-16	4.472061e-01	
1.100500e-06	8.944626e-01	3.836074e-73	8.766501e-167	1.045559e-113	2.305619e-204	8.955360e-57	2.131018e-153	4.471483e-01	9.060721e-62	
5.074940e-06	8.944706e-01	1.960208e-170	2.772608e-147	2.487528e-67	6.630546e-73	6.490957e-39	4.471270e-01	1.698326e-36	2.316638e-150	
2.285875e-06	8.947114e-01	1.993476e-44	3.088468e-100	7.526327e-164	6.723520e-85	4.466461e-01	2.501794e-83	3.147400e-26	8.815708e-153	
4.028715e-06	8.957879e-01	2.012503e-140	8.636304e-143	2.165892e-11	4.478983e-01	4.595793e-139	2.573034e-08	1.881711e-50	6.659376e-82	
2.133820e-05	8.945616e-01	3.140727e-43	0.000000e+00	4.471018e-01	1.114984e-87	1.327699e-38	1.410957e-137	4.371186e-36	5.599723e-93	
5.744418e-06	8.945316e-01	5.950767e-165	4.470049e-01	4.546759e-08	6.943179e-98	1.158324e-35	1.009981e-103	3.268715e-43	1.096353e-121	
2.288207e-06	8.944439e-01	4.471946e-01	9.781278e-20	1.707852e-07	1.631465e-99	7.860271e-44	4.217072e-146	2.710760e-07	1.038535e-151	
2.681247e-09	1.000006e+00	1.197997e-54	8.856536e-28	1.774560e-44	1.584804e-152	2.527865e-115	8.717824e-27	1.587803e-48	1.013919e-23	
4.473506e-01	2.463335e-121	8.708803e-193	6.750981e-48	8.335375e-181	1.431913e-102	7.878593e-124	6.136316e-120	3.614249e-37	8.943587e-01	
5.773278e-01	1.910037e-88	1.054718e-72	5.375121e-49	7.603076e-27	3.782146e-139	5.541370e-93	7.735345e-73	5.773646e-01	5.773591e-01	
4.470488e-01	1.304454e-96	1.237435e-46	1.755579e-30	2.723111e-07	8.885860e-135	1.152019e-143	3.304231e-99	8.945098e-01	3.200506e-31	
5.773349e-01	7.193317e-104	5.616713e-06	5.024190e-107	4.459081e-54	1.038620e-36	1.748239e-125	5.775342e-01	4.304136e-52	5.771819e-01	
5.772444e-01	1.706757e-89	2.876645e-07	1.176991e-70	8.376154e-27	2.659323e-53	1.563558e-158	5.774694e-01	5.773370e-01	3.236751e-46	
4.470499e-01	5.930721e-113	7.740887e-79	2.142754e-119	1.358004e-117	8.165017e-58	1.946734e-43	8.945141e-01	5.316895e-23	5.446137e-78	
5.771494e-01	6.036365e-83	6.639698e-75	2.887745e-55	9.032892e-27	1.376240e-158	5.774145e-01	2.552459e-75	9.638941e-19	5.774871e-01	
5.774215e-01	3.714100e-42	4.824415e-179	2.107416e-83	1.878239e-20	1.920212e-76	5.771545e-01	1.711012e-73	5.774748e-01	1.749297e-64	
5.775096e-01	3.757555e-135	2.101561e-260	1.978932e-174	3.774107e-242	5.252224e-206	5.771542e-01	5.773900e-01	6.390182e-50	5.300863e-77	
4.472200e-01	1.245627e-227	1.019130e-195	1.232823e-83	1.981851e-66	1.632748e-134	8.944250e-01	7.958985e-159	3.015108e-31	1.402816e-109	
5.771352e-01	2.859411e-124	1.327195e-69	4.159925e-20	4.473657e-18	5.774610e-01	1.046953e-50	2.567733e-65	1.462021e-43	5.774545e-01	
5.772961e-01	2.519187e-37	9.133200e-176	2.314125e-123	1.004088e-84	5.774355e-01	7.232713e-38	4.400793e-90	5.773217e-01	2.097937e-80	
5.771823e-01	3.153490e-105	7.386558e-298	1.093221e-26	2.094926e-65	5.772666e-01	6.978684e-53	5.776033e-01	3.621298e-46	9.829635e-116	
5.773004e-01	2.927510e-94	1.029325e-73	1.419868e-86	2.650608e-51	5.778565e-01	5.770199e-01	7.608539e-209	3.005412e-40	6.335258e-77	
4.471926e-01	1.011673e-232	5.259334e-45	3.686465e-153	3.671592e-184	8.944417e-01	1.923869e-71	5.496689e-196	1.249664e-23	4.055747e-68	
5.774150e-01	8.356156e-43	3.049537e-115	6.472371e-219	5.774317e-01	4.940387e-182	1.604359e-34	3.936708e-44	6.751616e-52	5.772041e-01	
5.773714e-01	6.856385e-98	9.160241e-44	5.674088e-133	5.773856e-01	1.416129e-148	7.784723e-72	7.687323e-98	5.773994e-01	9.546677e-71	
5.772907e-01	6.918211e-44	6.902115e-17	9.187722e-162	5.773076e-01	5.102505e-47	5.669134e-87	5.774586e-01	5.175567e-25	1.240004e-69	
5.773602e-01	2.434847e-100	9.020830e-148	6.820175e-140	5.773190e-01	1.257199e-23	5.773749e-01	1.925001e-254	8.915401e-50	1.077270e-66	
5.772956e-01	3.591157e-83	1.376610e-113	1.182707e-84	5.773345e-01	5.774251e-01	3.465962e-62	1.560503e-290	7.216712e-53	8.681109e-49	
4.471991e-01	1.818744e-97	1.134260e-156	9.423606e-162	8.944407e-01	8.550258e-64	4.698220e-52	1.449593e-11	4.340570e-23	7.174214e-43	
5.777786e-01	6.562808e-124	4.289159e-170	5.773379e-01	6.579958e-31	5.427162e-49	2.291750e-31	8.592533e-87	2.768283e-43	5.773399e-01	
5.775873e-01	4.601134e-178	5.917094e-51	5.771520e-01	9.359325e-34	1.319551e-116	1.048815e-32	8.800852e-172	5.773137e-01	9.258657e-148	
5.773610e-01	2.305944e-77	2.008725e-07	5.772339e-01	2.067532e-07	2.779585e-87	2.748584e-24	5.774658e-01	1.328916e-27	9.818460e-75	
5.774022e-01	3.099842e-89	1.850380e-285	5.771709e-01	7.046850e-93	2.674945e-22	5.774793e-01	2.471943e-87	3.780442e-37	3.993627e-129	
5.771490e-01	3.174455e-222	1.996097e-124	5.770837e-01	3.074797e-38	5.778195e-01	1.835544e-133	4.628845e-46	1.062202e-93	2.565967e-256	
5.774163e-01	2.650754e-175	8.466999e-189	5.773697e-01	5.772653e-01	2.026997e-54	1.642744e-48	7.246558e-80	1.913881e-19	1.894426e-137	
4.476390e-01	2.307969e-244	2.775875e-136	8.942143e-01	2.276651e-52	3.723098e-59	3.517126e-105	7.177913e-127	5.382859e-16	2.017342e-162	
5.773856e-01	8.972270e-55	5.774778e-01	0.000000e+00	6.247277e-111	1.340232e-51	1.730184e-38	3.531761e-67	2.347278e-48	5.771876e-01	
5.773344e-01	4.774067e-147	5.774056e-01	9.159006e-29	2.346679e-121	3.663264e-27	1.142010e-124	1.085620e-85	5.773427e-01	6.621187e-142	
5.772570e-01	1.202121e-176	5.773411e-01	2.007773e-105	2.970023e-89	4.710774e-54	3.878076e-24	5.774538e-01	1.516303e-27	2.404731e-73	
5.770905e-01	2.048354e-30	5.775752e-01	1.741466e-76	1.838121e-55	3.799029e-67	5.773917e-01	3.250169e-127	1.704603e-15	4.308979e-72	
5.770154e-01	3.847882e-102	5.772144e-01	4.082367e-07	6.449844e-32	5.778208e-01	9.151533e-38	2.955267e-198	1.899731e-47	3.376633e-48	
5.775276e-01	1.678300e-27	5.776110e-01	2.749894e-76	5.769182e-01	3.457772e-94	1.436585e-44	6.513360e-12	8.765510e-16	7.111063e-47	
5.774178e-01	3.987026e-32	5.775017e-01	5.771323e-01	1.797683e-07	4.239580e-124	2.100556e-71	1.153663e-43	1.518021e-29	1.308594e-153	
4.472356e-01	3.357661e-93	8.944296e-01	2.107972e-138	3.518125e-31	4.845025e-49	2.183689e-62	3.411331e-173	7.618149e-52	7.546536e-49	
5.774435e-01	5.771629e-01	1.353451e-46	3.093105e-46	7.808038e-18	4.960783e-45	1.753076e-105	2.339987e-64	4.323406e-16	5.774459e-01	
5.773324e-01	5.773522e-01	2.318348e-50	3.449574e-225	1.161227e-47	2.293387e-59	6.181586e-166	4.864384e-34	5.773663e-01	3.097827e-47	
5.772562e-01	5.772258e-01	1.033533e-263	3.834510e-214	7.306945e-152	1.708825e-116	1.940137e-42	5.776354e-01	9.374226e-37	4.355757e-151	
5.773287e-01	5.772446e-01	2.189079e-189	2.587356e-07	1.307645e-08	6.996646e-55	5.774792e-01	5.087070e-87	3.322229e-47	7.392610e-126	
5.772746e-01	5.775846e-01	1.266351e-73	1.281619e-73	3.089136e-64	5.775307e-01	2.164726e-150	3.292746e-61	1.479924e-46	2.450501e-44	
5.736936e-01	5.737914e-01	3.601243e-197	5.702286e-129	5.845006e-01	1.403715e-20	1.821807e-42	6.513343e-12	1.232836e-40	3.234644e-34	
5.769786e-01	5.770890e-01	1.319359e-145	5.779894e-01	5.427324e-55	3.853022e-208	4.066139e-30	1.557834e-185	2.450579e-26	1.111633e-74	
5.773433e-01	5.777318e-01	5.773987e-01	4.597978e-138	8.865336e-26	5.182444e-182	7.344059e-109	2.554655e-90	2.008857e-15	2.567405e-36	
4.471502e-01	8.944635e-01	3.500392e-215	7.829140e-128	1.108450e-91	3.170876e-54	2.630424e-30	8.120808e-61	7.935212e-25	8.357396e-58	
8.944325e-01	2.052500e-126	1.982059e-42	5.753627e-115	4.562641e-10	2.215106e-23	4.482252e-87	1.101880e-11	1.480670e-92	4.472043e-01	
8.944264e-01	2.351452e-229	1.030050e-147	9.540196e-08	5.816823e-28	2.886010e-86	1.657661e-24	3.138842e-59	4.472173e-01	4.943379e-37	
8.944706e-01	5.551536e-103	1.960208e-170	2.772608e-147	1.897148e-18	7.274282e-73	6.490957e-39	4.471270e-01	5.526522e-19	2.619976e-150	
8.952575e-01	5.012087e-264	8.157679e-43	2.655648e-105	8.152617e-88	4.523545e-84	4.476188e-01	8.734890e-201	3.651555e-11	1.173735e-39	
8.944550e-01	7.122013e-70	5.459142e-12	7.816421e-91	1.876212e-18	4.471580e-01	5.815770e-54	8.348904e-17	2.915353e-50	2.543093e-98	
8.944406e-01	2.790328e-120	1.551112e-38	4.549898e-112	4.471877e-01	6.493024e-33	1.040821e-36	2.820094e-58	3.683257e-35	3.501075e-35	
8.945486e-01	4.402245e-80	3.163897e-135	4.469846e-01	1.377645e-52	1.351829e-83	8.523429e-42	1.946386e-240	5.086441e-43	7.316112e-109	
8.944381e-01	1.298005e-142	4.471917e-01	5.842147e-53	1.574862e-161	7.571386e-47	8.816760e-113	9.371742e-118	1.242306e-45	6.016579e-107	
8.945488e-01	4.469705e-01	9.922653e-47	4.268296e-48	5.787815e-62	1.022308e-136	3.697345e-131	6.129914e-218	4.218604e-46	1.593174e-115	
1.000212e+00	2.395280e-103	6.520459e-285	6.962684e-100	3.621287e-140	1.308094e-96	5.002239e-110	4.560042e-303	8.576539e-92	2.604064e-138	
7.288183e-02	7.286294e-02	9.113840e-02	7.851282e-02	1.098910e-01	9.014578e-02	4.352843e-02	1.101548e-01	8.918486e-02	9.657763e-01	
1.095306e-01	1.285753e-01	1.109376e-01	1.165444e-01	1.180649e-01	1.521674e-01	1.062286e-01	1.550624e-01	6.417941e-01	6.806479e-01	
7.831181e-02	8.547945e-02	8.466846e-02	8.193419e-02	8.425637e-02	1.079341e-01	1.000601e-01	8.639542e-02	9.649735e-01	7.722722e-02	
1.399185e-01	9.967074e-02	8.106498e-02	1.196110e-01	1.333553e-01	1.066003e-01	8.428695e-02	6.864990e-01	1.003373e-01	6.588062e-01	
1.283663e-01	9.375313e-02	1.039312e-01	1.084240e-01	1.105314e-01	1.150720e-01	1.261050e-01	6.961080e-01	6.559573e-01	9.413787e-02	
9.077657e-02	8.592456e-02	8.151955e-02	8.651652e-02	7.661221e-02	6.410528e-02	3.438788e-02	9.720953e-01	9.404738e-02	9.287182e-02	
1.270005e-01	9.088951e-02	1.026440e-01	1.060026e-01	1.095527e-01	1.125442e-01	6.794923e-01	1.084048e-01	1.108599e-01	6.658967e-01	
1.189296e-01	9.048020e-02	1.008043e-01	1.037168e-01	1.005403e-01	8.658181e-02	6.816121e-01	8.287012e-02	6.742770e-01	1.159037e-01	
1.062770e-01	1.206921e-01	1.029021e-01	1.040736e-01	1.177561e-01	1.325075e-01	6.767252e-01	6.641309e-01	1.118595e-01	1.160133e-01	
9.622038e-02	9.278546e-02	8.742917e-02	5.203628e-02	8.489903e-02	8.773362e-02	9.660642e-01	9.188650e-02	8.130876e-02	9.257496e-02	
1.016849e-01	1.005806e-01	1.181283e-01	1.052431e-01	1.074333e-01	6.674635e-01	1.121842e-01	1.106796e-01	1.091253e-01	6.787639e-01	
1.005427e-01	1.145702e-01	1.256090e-01	1.141774e-01	1.140327e-01	6.726539e-01	1.233897e-01	1.092806e-01	6.684082e-01	9.246234e-02	
1.095077e-01	1.241778e-01	1.063337e-01	1.095216e-01	1.149201e-01	6.693671e-01	1.130049e-01	6.712177e-01	1.183332e-01	1.065917e-01	
1.044220e-01	1.190328e-01	1.161193e-01	1.132432e-01	1.141415e-01	6.652930e-01	6.748853e-01	1.096955e-01	1.132760e-01	1.164144e-01	
7.065307e-02	8.055835e-02	7.582793e-02	7.651484e-02	1.114340e-01	9.677262e-01	7.178656e-02	1.055346e-01	8.147277e-02	9.172813e-02	
1.094233e-01	1.079601e-01	1.126866e-01	1.382586e-01	6.677169e-01	1.002995e-01	1.131036e-01	1.114482e-01	9.093897e-02	6.822488e-01	
1.121014e-01	1.277611e-01	1.117470e-01	1.175772e-01	6.741530e-01	9.993875e-02	1.170450e-01	1.099692e-01	6.687918e-01	1.027753e-01	
1.151703e-01	1.347261e-01	1.136085e-01	1.211348e-01	6.755772e-01	1.090537e-01	1.223893e-01	6.584450e-01	1.202001e-01	1.160975e-01	
1.004810e-01	1.101095e-01	1.091947e-01	1.097620e-01	6.799534e-01	1.025005e-01	6.690849e-01	1.049748e-01	1.198776e-01	1.159122e-01	
1.010138e-01	1.151499e-01	1.112404e-01	1.089083e-01	6.303757e-01	7.040652e-01	1.545198e-01	1.099227e-01	1.129715e-01	1.176030e-01	
7.691223e-02	7.752956e-02	8.044835e-02	1.122352e-01	9.648882e-01	8.647811e-02	8.035655e-02	1.020748e-01	7.536335e-02	8.923104e-02	
8.253524e-02	8.134211e-02	8.440360e-02	6.745394e-01	1.093449e-01	9.908578e-02	1.125085e-01	1.100911e-01	1.156944e-01	6.815470e-01	
1.112590e-01	1.225006e-01	1.095635e-01	6.742459e-01	9.236607e-02	1.083350e-01	1.141752e-01	1.101635e-01	6.687246e-01	1.175056e-01	
9.483589e-02	9.303612e-02	9.698905e-02	6.901676e-01	9.390161e-02	1.086371e-01	1.147050e-01	6.605928e-01	1.126205e-01	1.173498e-01	
7.633900e-02	8.951375e-02	1.173496e-01	6.726094e-01	9.124538e-02	1.114154e-01	6.787697e-01	1.010339e-01	1.213625e-01	1.174625e-01	
1.136794e-01	1.252811e-01	1.408628e-01	6.632322e-01	1.027834e-01	6.677508e-01	1.263610e-01	1.122170e-01	1.132985e-01	1.194065e-01	
1.114449e-01	1.270431e-01	1.410936e-01	6.625930e-01	6.696258e-01	9.916332e-02	1.350563e-01	1.111549e-01	1.128053e-01	1.103045e-01	
8.767404e-02	8.806456e-02	8.160310e-02	9.610470e-01	8.957366e-02	1.032977e-01	9.421222e-02	8.888186e-02	1.002723e-01	9.366697e-02	
1.274540e-01	1.383477e-01	6.719223e-01	1.221359e-01	9.308997e-02	1.094945e-01	1.126433e-01	8.292625e-02	9.794156e-02	6.722671e-01	
8.458317e-02	9.635901e-02	6.815675e-01	1.184480e-01	9.382870e-02	9.886045e-02	1.140999e-01	1.100933e-01	6.689858e-01	1.172164e-01	
1.021562e-01	1.164952e-01	6.652295e-01	1.133583e-01	1.229237e-01	1.085084e-01	1.052028e-01	6.783386e-01	1.121590e-01	1.056174e-01	
9.565459e-02	1.124540e-01	6.861569e-01	1.153421e-01	9.448114e-02	1.016487e-01	6.583790e-01	1.125395e-01	1.221030e-01	1.174498e-01	
1.105023e-01	1.028421e-01	6.648256e-01	1.179265e-01	9.215383e-02	6.792408e-01	1.261249e-01	1.112214e-01	1.126962e-01	1.195687e-01	
1.069313e-01	1.292076e-01	6.652737e-01	1.250402e-01	6.731724e-01	1.108710e-01	1.050228e-01	1.046343e-01	1.222925e-01	1.061154e-01	
1.222263e-01	1.162504e-01	6.715846e-01	6.606908e-01	1.159814e-01	1.230888e-01	1.329897e-01	1.109247e-01	1.077448e-01	1.175133e-01	
7.131871e-02	9.281138e-02	9.671981e-01	6.748105e-02	9.288890e-02	8.610579e-02	8.611207e-02	7.798007e-02	8.283868e-02	9.947035e-02	
1.065281e-01	6.990935e-01	1.118290e-01	1.331824e-01	1.013616e-01	1.060155e-01	1.159396e-01	7.732840e-02	1.019292e-01	6.482183e-01	
1.049359e-01	6.692840e-01	1.046647e-01	1.270349e-01	1.352711e-01	9.890427e-02	1.150692e-01	7.512384e-02	6.736081e-01	1.171928e-01	
1.011238e-01	6.700607e-01	1.074987e-01	1.138705e-01	1.234792e-01	1.084454e-01	1.127185e-01	6.728650e-01	1.118765e-01	1.062722e-01	
1.021703e-01	6.513946e-01	1.078963e-01	1.108842e-01	1.200681e-01	1.058223e-01	6.934971e-01	1.100248e-01	1.124499e-01	1.056938e-01	
1.028211e-01	6.813069e-01	1.103697e-01	1.222942e-01	1.257987e-01	6.569133e-01	1.277974e-01	1.069205e-01	1.130716e-01	1.057763e-01	
1.022843e-01	6.707529e-01	1.073074e-01	1.251367e-01	6.741648e-01	1.113828e-01	1.050411e-01	1.047799e-01	1.111985e-01	1.057042e-01	
1.063584e-01	6.684931e-01	1.055999e-01	6.722738e-01	1.290097e-01	1.116285e-01	1.208033e-01	1.110336e-01	1.124460e-01	1.001560e-01	
1.142858e-01	6.660329e-01	6.753786e-01	1.133080e-01	1.265892e-01	9.844027e-02	1.192205e-01	1.137383e-01	1.129101e-01	1.098238e-01	
9.047770e-02	9.639524e-01	8.453696e-02	1.139845e-01	9.092643e-02	9.995991e-02	8.709446e-02	7.607922e-02	8.255300e-02	8.478556e-02	
6.760359e-01	9.801215e-02	1.084192e-01	1.145599e-01	9.140903e-02	1.028903e-01	1.187583e-01	1.123781e-01	1.233864e-01	6.718750e-01	
6.676128e-01	8.833040e-02	1.068864e-01	1.351120e-01	9.270187e-02	9.935553e-02	1.161473e-01	1.113012e-01	6.871524e-01	9.693899e-02	
6.759773e-01	9.139176e-02	1.086025e-01	1.142717e-01	9.293075e-02	1.148751e-01	1.130952e-01	6.708808e-01	1.227812e-01	1.062350e-01	
6.614245e-01	1.206293e-01	1.039409e-01	1.128429e-01	1.224334e-01	9.757338e-02	6.826693e-01	1.124211e-01	1.007035e-01	1.053701e-01	
6.620619e-01	1.178581e-01	1.065781e-01	1.177736e-01	9.203429e-02	6.783597e-01	1.259531e-01	1.110770e-01	1.125499e-01	1.194134e-01	
6.700343e-01	1.183287e-01	1.059081e-01	1.140190e-01	6.711897e-01	1.064132e-01	1.261140e-01	1.102153e-01	1.127586e-01	1.098219e-01	
6.738861e-01	1.254324e-01	1.083062e-01	6.612868e-01	1.159919e-01	1.232805e-01	1.331968e-01	1.135884e-01	1.081692e-01	1.177329e-01	
6.677774e-01	1.326961e-01	6.709297e-01	1.133586e-01	1.156723e-01	9.648988e-02	1.280806e-01	1.124972e-01	1.134648e-01	1.099050e-01	
6.418274e-01	6.952063e-01	9.017497e-02	1.116307e-01	1.258869e-01	9.856744e-02	1.289258e-01	1.123876e-01	1.311152e-01	1.102149e-01	
9.652266e-01	7.883588e-02	8.405905e-02	1.151416e-01	9.315873e-02	1.004029e-01	8.713641e-02	7.613363e-02	7.553887e-02	8.452830e-02	
7.133755e-14	8.110582e-320	2.847582e-97	1.995954e-43	1.900870e-203	6.219691e-38	1.209447e-118	2.014109e-69	6.346508e-77	1.000000e+00	
