1	3.754703e-22
2	3.214973e-236
3	2.847582e-97
4	1.995952e-43
5	3.648606e-64
6	1.881311e-39
7	1.209447e-118
8	2.014100e-69
9	3.728857e-53
10	1.000000e+00











1	1.141346e-06
2	7.109440e-09
3	4.382693e-179
4	3.677547e-129
5	5.114557e-06
6	2.483293e-63
7	7.468871e-06
8	6.617919e-95
9	4.471921e-01
10	8.944379e-01











1	5.299569e-06
2	5.570126e-96
3	2.143263e-12
4	2.289606e-31
5	2.393471e-73
6	2.730636e-97
7	2.634751e-57
8	2.464006e-08
9	8.944113e-01
10	4.472454e-01











1	5.741487e-09
2	6.289691e-105
3	5.856636e-58
4	6.787496e-10
5	2.527075e-15
6	2.027308e-123
7	4.609774e-57
8	5.920124e-57
9	1.000000e+00
10	2.210662e-76











1	2.086388e-06
2	6.165422e-88
3	1.543071e-06
4	1.087136e-32
5	8.999955e-24
6	5.589157e-23
7	1.735744e-06
8	4.475317e-01
9	7.025948e-47
10	8.947592e-01











1	1.950145e-04
2	7.689098e-05
3	3.798581e-06
4	6.372597e-04
5	3.597647e-05
6	3.262746e-04
7	7.896163e-57
8	5.775845e-01
9	5.774973e-01
10	5.773140e-01











1	4.501800e-05
2	1.521592e-05
3	5.852881e-05
4	1.790584e-06
5	1.840945e-174
6	1.216077e-62
7	3.235233e-122
8	4.470329e-01
9	8.945166e-01
10	1.361757e-73











1	4.781440e-08
2	1.852350e-149
3	1.433808e-65
4	6.169208e-08
5	2.435315e-07
6	7.164842e-81
7	4.235944e-09
8	8.944289e-01
9	1.786399e-35
10	4.472095e-01











1	1.072649e-04
2	6.148990e-05
3	6.765251e-05
4	5.156792e-05
5	3.063479e-06
6	1.038580e-04
7	4.551136e-110
8	8.944247e-01
9	4.472212e-01
10	5.657903e-10











1	6.822765e-10
2	2.080512e-09
3	1.956039e-91
4	1.204601e-10
5	9.630301e-10
6	4.664811e-55
7	2.194029e-62
8	1.000000e+00
9	4.340898e-42
10	2.115835e-143











1	6.117803e-10
2	2.254812e-08
3	6.957565e-09
4	6.296388e-08
5	4.831581e-08
6	6.084578e-06
7	4.469151e-01
8	2.449234e-57
9	2.618103e-12
10	8.945769e-01











1	7.574199e-06
2	3.985194e-05
3	1.889521e-06
4	1.942994e-11
5	1.179934e-05
6	3.216892e-06
7	5.773441e-01
8	5.665047e-108
9	5.773448e-01
10	5.773619e-01











1	1.729102e-04
2	1.310579e-44
3	7.752666e-89
4	7.680934e-231
5	7.456499e-05
6	4.518721e-82
7	4.476634e-01
8	1.049316e-56
9	8.942089e-01
10	2.159125e-80











1	3.281023e-04
2	3.602877e-05
3	1.970463e-08
4	5.308909e-05
5	4.423705e-30
6	3.091599e-61
7	5.772485e-01
8	5.774446e-01
9	1.726505e-19
10	5.773607e-01











1	2.167926e-04
2	1.832189e-91
3	1.344404e-85
4	1.901735e-73
5	5.765143e-70
6	6.885012e-115
7	5.772403e-01
8	5.774684e-01
9	5.773492e-01
10	9.887824e-135











1	6.565643e-06
2	8.289600e-08
3	1.695333e-06
4	1.150463e-07
5	4.747960e-06
6	1.195499e-69
7	4.472338e-01
8	8.944145e-01
9	1.057964e-11
10	4.687529e-24











1	5.275764e-09
2	1.180306e-07
3	6.069185e-70
4	9.365844e-153
5	2.031848e-25
6	7.182210e-79
7	8.944153e-01
8	9.620179e-73
9	3.062223e-50
10	4.472376e-01











1	1.030054e-06
2	8.112091e-08
3	1.275368e-11
4	6.929074e-07
5	1.173385e-05
6	4.620028e-114
7	8.944289e-01
8	4.654837e-140
9	4.472192e-01
10	2.808079e-17











1	2.034477e-08
2	2.805209e-08
3	1.783802e-09
4	2.445891e-07
5	2.696082e-07
6	2.084892e-08
7	8.943994e-01
8	4.472672e-01
9	8.014020e-26
10	8.299086e-47











1	1.757095e-08
2	3.590195e-192
3	1.617523e-18
4	5.466894e-112
5	2.251934e-125
6	6.417427e-10
7	1.000000e+00
8	1.717047e-101
9	1.143114e-27
10	9.988842e-109











1	1.738343e-05
2	1.017028e-06
3	3.104961e-69
4	2.937199e-06
5	1.287014e-06
6	4.478489e-01
7	3.483355e-100
8	6.309837e-44
9	1.636753e-25
10	8.942603e-01











1	5.655355e-07
2	1.044073e-04
3	1.056922e-03
4	1.673476e-156
5	3.901565e-07
6	5.770875e-01
7	6.863734e-33
8	2.009877e-29
9	5.774650e-01
10	5.774973e-01











1	2.163541e-07
2	1.171491e-09
3	6.278235e-05
4	3.546498e-40
5	8.352882e-06
6	4.476636e-01
7	3.255129e-129
8	5.769537e-120
9	8.957453e-01
10	5.779258e-109











1	1.403647e-06
2	5.528320e-08
3	4.413740e-07
4	6.965002e-05
5	4.532972e-05
6	5.769493e-01
7	3.657280e-07
8	5.771851e-01
9	1.439815e-46
10	5.779145e-01











1	1.971892e-06
2	1.407696e-94
3	6.329395e-06
4	1.629330e-83
5	7.341868e-15
6	5.774867e-01
7	4.449508e-39
8	5.772281e-01
9	5.773400e-01
10	6.148528e-66











1	9.067120e-07
2	2.832705e-08
3	2.636912e-20
4	8.231441e-09
5	6.641645e-07
6	4.472319e-01
7	5.045156e-84
8	8.944143e-01
9	3.423709e-50
10	1.063439e-58











1	1.381966e-06
2	4.666857e-07
3	5.396811e-10
4	2.048480e-146
5	1.295102e-07
6	5.780147e-01
7	5.785925e-01
8	4.132310e-32
9	2.221378e-50
10	5.781335e-01











1	4.852680e-04
2	9.972063e-241
3	1.722229e-139
4	1.702658e-174
5	4.612467e-33
6	5.772118e-01
7	5.774755e-01
8	1.796440e-87
9	5.773631e-01
10	2.721373e-163











1	2.174532e-06
2	1.008075e-06
3	2.910053e-06
4	2.164104e-119
5	8.183521e-56
6	5.773407e-01
7	5.771099e-01
8	5.776040e-01
9	2.020200e-43
10	3.967273e-76











1	3.605543e-05
2	1.163032e-09
3	1.891421e-211
4	1.254023e-31
5	4.712218e-102
6	4.474690e-01
7	8.943061e-01
8	5.305626e-157
9	5.982844e-35
10	6.158318e-127











1	6.974518e-05
2	5.574352e-06
3	4.965754e-62
4	4.274392e-41
5	5.066954e-24
6	8.944137e-01
7	1.189665e-29
8	2.071664e-118
9	1.525132e-31
10	4.472490e-01











1	8.867036e-06
2	5.963479e-124
3	3.157453e-49
4	4.369275e-35
5	9.604718e-09
6	8.944260e-01
7	6.823670e-55
8	1.111489e-54
9	4.472184e-01
10	2.494041e-105











1	9.001544e-07
2	1.363977e-07
3	1.386763e-07
4	1.560273e-07
5	1.759969e-187
6	8.944020e-01
7	5.011355e-25
8	4.472637e-01
9	8.035383e-23
10	2.699096e-48











1	1.338441e-07
2	8.054238e-164
3	8.710079e-07
4	1.511739e-07
5	6.931533e-194
6	8.943618e-01
7	4.473453e-01
8	6.207891e-28
9	8.168120e-12
10	2.721697e-46











1	8.860240e-11
2	1.222579e-14
3	2.259059e-11
4	1.052930e-13
5	1.392021e-09
6	1.000000e+00
7	5.261430e-53
8	2.438130e-100
9	2.101369e-11
10	4.852879e-13











1	5.493096e-06
2	2.400558e-82
3	4.458446e-139
4	8.325023e-13
5	4.473694e-01
6	5.335178e-201
7	5.901476e-49
8	4.014618e-146
9	1.973360e-06
10	8.944144e-01











1	7.698904e-05
2	4.631765e-38
3	6.263637e-170
4	3.622009e-32
5	5.776994e-01
6	3.118467e-117
7	1.707932e-132
8	3.596130e-106
9	5.776309e-01
10	5.776787e-01











1	1.607774e-06
2	6.412221e-05
3	1.760215e-20
4	4.439887e-08
5	4.470514e-01
6	1.026742e-46
7	3.804561e-86
8	3.090852e-75
9	8.945150e-01
10	1.129359e-69











1	6.588102e-05
2	8.487156e-33
3	6.065538e-72
4	3.682108e-149
5	5.771172e-01
6	8.238374e-74
7	1.237135e-35
8	5.777923e-01
9	3.220465e-62
10	5.771464e-01











1	1.488587e-07
2	5.872167e-07
3	4.186090e-08
4	3.143545e-99
5	5.774071e-01
6	9.352251e-66
7	5.961413e-10
8	5.772779e-01
9	5.773656e-01
10	7.615033e-75











1	3.374587e-05
2	9.372563e-136
3	0.000000e+00
4	3.438716e-05
5	4.475101e-01
6	4.916042e-88
7	4.990475e-58
8	8.954087e-01
9	2.892985e-53
10	9.038567e-78











1	7.901899e-05
2	8.266241e-87
3	2.603681e-11
4	6.883301e-59
5	5.771466e-01
6	4.140233e-64
7	5.774117e-01
8	1.089671e-16
9	9.638895e-19
10	5.774926e-01











1	6.888831e-06
2	1.172876e-09
3	1.571093e-137
4	9.666485e-06
5	5.775184e-01
6	1.342908e-75
7	5.772518e-01
8	3.704832e-100
9	5.772807e-01
10	1.068423e-48











1	4.755693e-10
2	1.277674e-07
3	6.730905e-06
4	8.120304e-05
5	5.773874e-01
6	2.127179e-122
7	5.770498e-01
8	5.776110e-01
9	2.003344e-22
10	7.751204e-48











1	1.227929e-05
2	5.412100e-07
3	1.160468e-07
4	9.069304e-07
5	4.464965e-01
6	9.796431e-64
7	8.947855e-01
8	5.578289e-91
9	2.753332e-14
10	4.654185e-72











1	5.547497e-06
2	3.724316e-35
3	1.805208e-07
4	1.094984e-05
5	5.781930e-01
6	5.775238e-01
7	8.865668e-103
8	1.944772e-126
9	0.000000e+00
10	5.776269e-01











1	9.373328e-07
2	1.725334e-119
3	2.059432e-12
4	1.118844e-07
5	5.772384e-01
6	5.774506e-01
7	1.588949e-149
8	3.168058e-87
9	5.773632e-01
10	1.905094e-12











1	1.869659e-06
2	1.910806e-51
3	3.832397e-05
4	1.319553e-268
5	5.775617e-01
6	5.768849e-01
7	2.484406e-51
8	5.776016e-01
9	4.852315e-41
10	1.249997e-65











1	3.485365e-06
2	7.157858e-08
3	3.301534e-153
4	3.760282e-06
5	5.777584e-01
6	5.767925e-01
7	5.774994e-01
8	1.317276e-17
9	5.326086e-44
10	5.219372e-99











1	4.574222e-06
2	1.138895e-06
3	9.519273e-211
4	3.324348e-06
5	4.471547e-01
6	8.944575e-01
7	1.770539e-72
8	1.554154e-84
9	1.253214e-14
10	1.858391e-151











1	3.624247e-06
2	4.086944e-92
3	1.307563e-22
4	1.247698e-174
5	8.944452e-01
6	7.767305e-218
7	1.782633e-104
8	3.722920e-84
9	4.599602e-13
10	4.472141e-01











1	2.550561e-05
2	3.730935e-193
3	1.065006e-60
4	2.811494e-50
5	8.944224e-01
6	3.680791e-49
7	1.096521e-36
8	6.665165e-173
9	4.472230e-01
10	7.608830e-139











1	3.785258e-06
2	7.010035e-12
3	1.705086e-07
4	3.412161e-06
5	8.945067e-01
6	3.825901e-60
7	3.684733e-120
8	4.473473e-01
9	1.643250e-39
10	3.034573e-25











1	1.145993e-06
2	7.704029e-07
3	1.731851e-168
4	2.199701e-121
5	8.947750e-01
6	2.352805e-69
7	4.470330e-01
8	6.905217e-159
9	3.585829e-25
10	7.107403e-87











1	1.054217e-04
2	5.707984e-05
3	6.752540e-135
4	5.479711e-77
5	8.971242e-01
6	4.484978e-01
7	1.335483e-24
8	2.604778e-29
9	7.711143e-16
10	8.757909e-65











1	5.629533e-08
2	4.335536e-113
3	7.397887e-235
4	1.835776e-08
5	1.000000e+00
6	3.531423e-128
7	7.563813e-165
8	7.964876e-68
9	1.251253e-16
10	2.152889e-71











1	1.569665e-09
2	1.451297e-05
3	5.084663e-06
4	4.469604e-01
5	5.210097e-24
6	2.639501e-70
7	4.021404e-49
8	8.684157e-61
9	9.742543e-38
10	8.945535e-01











1	1.825886e-07
2	4.585022e-132
3	2.026996e-68
4	5.778933e-01
5	3.373772e-06
6	1.020420e-133
7	2.270713e-72
8	9.155097e-60
9	5.771573e-01
10	5.771012e-01











1	3.346910e-07
2	2.739845e-99
3	9.330552e-08
4	4.470537e-01
5	4.189631e-07
6	6.863822e-231
7	5.503629e-39
8	2.441607e-173
9	8.945204e-01
10	1.081798e-31











1	8.335000e-08
2	6.640205e-175
3	1.153590e-08
4	5.781610e-01
5	7.095132e-230
6	7.034797e-125
7	1.345927e-71
8	5.767491e-01
9	5.918386e-17
10	5.771368e-01











1	1.667314e-06
2	4.542115e-86
3	1.624495e-05
4	5.768702e-01
5	2.038263e-57
6	1.502491e-62
7	7.735920e-07
8	5.779004e-01
9	5.772861e-01
10	8.534253e-135











1	3.709533e-07
2	9.403824e-08
3	1.332458e-13
4	4.474273e-01
5	1.997537e-08
6	5.169869e-116
7	5.410487e-36
8	8.943164e-01
9	1.223023e-14
10	6.218973e-194











1	5.380204e-06
2	1.036033e-139
3	2.315522e-06
4	5.776779e-01
5	8.499670e-42
6	9.898297e-129
7	5.771842e-01
8	1.338245e-145
9	1.706164e-50
10	5.771880e-01











1	2.718438e-04
2	7.387398e-95
3	7.300863e-09
4	5.778686e-01
5	3.310283e-43
6	1.178197e-75
7	5.762845e-01
8	4.259963e-17
9	5.779035e-01
10	2.797709e-96











1	4.754007e-05
2	1.154651e-03
3	1.150301e-08
4	5.774887e-01
5	1.328621e-37
6	1.327387e-57
7	5.769653e-01
8	5.775948e-01
9	2.374015e-14
10	2.208287e-141











1	1.037336e-05
2	3.874063e-84
3	4.926743e-22
4	4.486687e-01
5	6.982510e-45
6	1.603499e-38
7	8.981462e-01
8	1.037991e-228
9	1.138875e-15
10	5.053231e-90











1	4.632691e-04
2	1.155906e-04
3	6.719314e-06
4	5.773016e-01
5	4.785226e-31
6	5.776057e-01
7	2.720499e-118
8	2.178004e-29
9	9.599036e-64
10	5.771477e-01











1	2.545457e-05
2	1.919158e-06
3	5.185641e-60
4	5.783800e-01
5	1.070553e-54
6	5.770113e-01
7	5.704870e-56
8	1.864018e-95
9	5.769990e-01
10	6.412544e-79











1	2.895530e-04
2	1.320222e-44
3	4.837609e-59
4	5.779998e-01
5	4.845156e-169
6	5.771438e-01
7	1.598446e-101
8	5.769058e-01
9	1.881672e-22
10	6.769352e-11











1	1.233478e-05
2	5.737188e-06
3	7.080268e-06
4	5.779950e-01
5	5.030906e-223
6	5.770929e-01
7	5.769954e-01
8	5.541377e-60
9	8.023056e-23
10	5.054300e-79











1	3.865361e-08
2	1.251538e-94
3	1.883291e-09
4	4.476301e-01
5	1.321337e-29
6	8.955259e-01
7	2.136348e-52
8	7.428978e-182
9	7.411224e-49
10	9.019547e-09











1	1.665578e-04
2	2.171379e-06
3	1.639989e-04
4	5.777012e-01
5	5.772023e-01
6	4.966524e-94
7	6.726437e-111
8	3.637986e-109
9	5.802718e-43
10	5.772154e-01











1	2.035601e-07
2	3.897587e-07
3	1.123014e-160
4	5.773378e-01
5	5.773525e-01
6	9.828736e-48
7	2.086033e-30
8	3.048348e-168
9	5.773669e-01
10	6.240297e-141











1	1.925671e-05
2	5.963547e-158
3	1.379354e-182
4	5.773252e-01
5	5.771396e-01
6	2.247352e-173
7	1.404301e-48
8	5.775829e-01
9	1.401745e-27
10	1.235001e-131











1	2.756758e-06
2	3.460497e-04
3	9.400831e-07
4	5.939440e-01
5	5.947450e-01
6	1.798450e-56
7	5.980864e-01
8	8.055951e-208
9	1.059602e-25
10	3.665965e-122











1	4.590917e-05
2	2.422644e-05
3	9.394002e-05
4	5.773095e-01
5	5.773204e-01
6	5.774252e-01
7	5.776647e-54
8	1.542264e-102
9	1.191265e-44
10	6.705289e-81











1	1.782467e-06
2	1.531107e-05
3	2.399212e-06
4	4.474313e-01
5	8.943180e-01
6	4.820127e-174
7	2.000014e-48
8	3.897494e-206
9	3.620375e-43
10	3.322982e-35











1	1.920761e-06
2	2.583798e-10
3	1.130075e-06
4	8.945067e-01
5	5.724308e-43
6	8.474079e-141
7	4.334124e-36
8	5.490832e-98
9	6.474063e-12
10	4.472411e-01











1	1.358961e-07
2	4.856716e-144
3	3.822018e-07
4	8.944258e-01
5	2.463066e-39
6	2.738151e-114
7	7.731541e-45
8	3.665240e-69
9	4.472174e-01
10	2.145141e-93











1	1.144580e-08
2	1.027139e-172
3	3.752413e-53
4	8.943895e-01
5	7.434952e-33
6	1.229147e-55
7	4.022896e-37
8	4.472907e-01
9	1.206630e-23
10	2.032510e-181











1	9.327518e-07
2	9.825301e-07
3	1.385638e-06
4	8.944310e-01
5	4.202617e-42
6	1.605046e-115
7	4.472058e-01
8	1.553903e-127
9	6.367374e-26
10	2.617125e-38











1	4.743367e-08
2	6.097510e-08
3	3.539553e-09
4	8.943858e-01
5	2.408593e-34
6	4.473011e-01
7	3.588961e-53
8	1.417252e-15
9	1.085289e-48
10	1.597837e-34











1	6.968175e-07
2	8.444696e-286
3	3.018247e-07
4	8.944989e-01
5	4.470696e-01
6	8.731751e-52
7	6.403876e-47
8	7.349703e-136
9	4.365690e-36
10	2.350353e-93











1	1.332097e-11
2	5.558864e-132
3	1.882673e-70
4	1.000000e+00
5	1.978449e-87
6	2.638885e-87
7	2.149165e-119
8	2.208154e-294
9	2.089319e-50
10	7.112602e-46











1	1.040382e-06
2	5.730041e-127
3	4.471103e-01
4	6.747348e-48
5	8.330897e-181
6	5.019537e-112
7	4.980335e-134
8	6.132994e-120
9	1.802065e-46
10	8.944789e-01











1	2.518448e-05
2	1.810202e-206
3	5.784414e-01
4	1.489965e-45
5	3.430674e-66
6	1.851421e-115
7	2.239962e-40
8	3.190186e-46
9	5.761117e-01
10	5.774977e-01











1	1.590205e-06
2	6.232916e-45
3	4.470448e-01
4	5.169614e-75
5	2.160415e-215
6	5.667631e-48
7	5.340922e-37
8	2.391417e-172
9	8.945157e-01
10	2.641093e-106











1	1.680632e-05
2	2.230382e-06
3	5.773823e-01
4	6.371855e-154
5	4.925496e-67
6	5.630873e-71
7	3.365362e-98
8	5.775954e-01
9	2.561514e-40
10	5.771888e-01











1	1.227967e-06
2	4.610458e-100
3	5.772399e-01
4	5.154011e-07
5	2.957708e-08
6	4.038056e-112
7	6.379495e-58
8	5.774623e-01
9	5.773463e-01
10	3.479664e-129











1	2.575762e-06
2	1.493343e-07
3	4.472278e-01
4	9.504816e-128
5	3.715677e-58
6	0.000000e+00
7	1.062512e-25
8	8.944205e-01
9	5.525709e-06
10	2.573713e-48











1	5.096689e-04
2	4.666453e-150
3	5.746924e-01
4	1.054714e-138
5	1.549809e-80
6	9.004871e-82
7	5.801124e-01
8	1.518946e-32
9	4.372077e-38
10	5.772330e-01











1	1.047488e-05
2	2.671878e-31
3	5.760603e-01
4	2.230245e-89
5	8.814553e-75
6	1.587509e-78
7	5.791372e-01
8	5.175160e-81
9	5.768530e-01
10	7.925158e-153











1	1.037801e-05
2	2.731893e-06
3	5.774089e-01
4	3.871343e-90
5	1.509737e-72
6	8.615633e-274
7	5.772506e-01
8	5.773904e-01
9	4.958888e-36
10	6.565726e-154











1	1.683572e-05
2	3.621467e-12
3	4.471050e-01
4	6.011146e-94
5	5.584035e-189
6	3.294459e-58
7	8.944860e-01
8	5.636849e-189
9	1.076865e-15
10	1.521552e-75











1	1.373030e-05
2	1.172639e-05
3	5.777937e-01
4	1.649750e-214
5	1.050785e-71
6	5.771304e-01
7	1.064371e-45
8	6.335148e-52
9	5.579232e-16
10	5.771269e-01











1	1.334400e-05
2	6.695941e-11
3	5.771041e-01
4	2.100864e-189
5	8.065123e-136
6	5.773080e-01
7	3.380819e-119
8	5.783662e-103
9	5.776465e-01
10	5.467340e-75











1	1.795588e-05
2	3.013776e-48
3	5.771672e-01
4	6.019116e-21
5	1.398276e-101
6	5.774317e-01
7	1.029175e-33
8	5.774571e-01
9	9.832998e-28
10	1.489641e-102











1	3.878941e-06
2	3.091222e-45
3	5.766445e-01
4	1.852020e-48
5	1.007182e-66
6	5.774851e-01
7	5.779223e-01
8	2.613207e-60
9	9.929816e-49
10	2.387576e-105











1	4.304407e-06
2	4.667645e-07
3	4.466015e-01
4	4.191345e-35
5	1.045253e-192
6	8.947367e-01
7	1.580179e-43
8	1.687350e-72
9	1.178390e-63
10	1.251495e-45











1	7.716406e-06
2	1.167015e-06
3	5.778250e-01
4	3.015032e-90
5	5.771055e-01
6	1.780321e-62
7	1.937022e-64
8	1.356745e-246
9	4.128532e-15
10	5.771632e-01











1	2.477938e-06
2	3.940389e-43
3	5.771364e-01
4	3.032774e-169
5	5.775920e-01
6	1.130960e-85
7	5.388197e-85
8	9.163609e-94
9	5.773226e-01
10	1.813947e-74











1	1.128870e-06
2	4.547741e-07
3	5.772164e-01
4	1.313919e-109
5	5.772502e-01
6	1.769527e-170
7	3.297842e-28
8	5.775829e-01
9	1.952525e-58
10	2.834095e-76











1	1.594703e-04
2	1.317947e-81
3	5.771668e-01
4	4.669993e-67
5	5.774863e-01
6	1.645130e-37
7	5.773992e-01
8	8.756993e-30
9	6.908530e-16
10	8.191032e-87











1	3.420286e-06
2	2.128080e-88
3	5.772956e-01
4	1.219026e-138
5	5.773345e-01
6	5.774251e-01
7	5.961042e-62
8	4.865630e-172
9	7.216711e-53
10	8.681109e-49











1	6.723021e-07
2	6.722785e-07
3	4.478822e-01
4	7.188965e-48
5	8.958146e-01
6	8.774938e-32
7	1.688876e-63
8	3.011104e-119
9	1.795251e-07
10	2.305608e-158











1	4.059978e-06
2	4.612552e-129
3	5.770005e-01
4	5.778362e-01
5	1.059986e-209
6	2.983132e-189
7	5.085750e-47
8	2.154840e-105
9	3.111565e-45
10	5.772133e-01











1	1.417573e-05
2	1.252013e-182
3	5.790826e-01
4	5.786456e-01
5	1.181742e-40
6	2.936969e-49
7	0.000000e+00
8	6.902777e-184
9	5.787876e-01
10	5.379689e-104











1	7.999261e-06
2	3.195512e-82
3	5.773588e-01
4	5.772312e-01
5	8.775347e-08
6	1.597359e-102
7	3.480855e-24
8	5.774612e-01
9	1.328911e-27
10	2.632159e-48











1	2.104973e-03
2	4.793422e-05
3	5.774462e-01
4	5.772182e-01
5	1.348154e-37
6	8.248909e-60
7	5.773820e-01
8	7.139359e-83
9	2.924039e-40
10	1.486650e-25











1	1.081371e-05
2	7.524170e-85
3	5.766852e-01
4	5.765692e-01
5	1.035566e-30
6	5.787933e-01
7	1.235059e-49
8	2.297705e-53
9	8.374789e-48
10	2.733641e-110











1	3.352688e-06
2	1.413391e-07
3	5.774244e-01
4	5.773607e-01
5	5.772651e-01
6	1.132266e-08
7	9.190937e-29
8	8.798490e-46
9	1.810643e-26
10	1.608123e-76











1	5.832290e-06
2	8.969470e-06
3	4.483436e-01
4	8.938605e-01
5	1.443547e-40
6	6.069924e-49
7	8.566085e-124
8	6.414488e-76
9	9.200633e-17
10	5.365854e-104











1	9.957333e-05
2	3.187852e-05
3	8.944788e-01
4	1.752129e-197
5	6.624933e-117
6	3.209686e-72
7	2.711188e-50
8	2.155415e-116
9	2.657834e-26
10	4.472306e-01











1	1.896729e-06
2	1.357995e-186
3	8.943989e-01
4	5.109882e-71
5	2.873344e-132
6	1.306975e-89
7	3.730984e-49
8	8.437017e-135
9	4.472737e-01
10	2.501030e-116











1	5.121092e-06
2	6.129858e-07
3	8.944252e-01
4	6.088995e-111
5	5.592005e-47
6	1.148221e-73
7	2.587611e-112
8	4.472214e-01
9	9.253807e-34
10	1.631666e-76











1	3.893027e-05
2	1.182679e-148
3	8.941571e-01
4	3.996877e-89
5	5.303150e-66
6	2.861934e-115
7	4.477551e-01
8	5.515145e-46
9	7.319743e-16
10	2.855862e-77











1	1.226406e-06
2	1.037670e-07
3	8.944550e-01
4	4.588570e-90
5	1.036898e-48
6	4.471580e-01
7	4.036048e-37
8	4.251129e-290
9	2.426723e-24
10	2.543093e-98











1	4.078026e-06
2	2.990926e-162
3	8.944909e-01
4	2.344185e-166
5	4.470944e-01
6	1.905343e-84
7	7.688898e-37
8	1.784354e-97
9	2.529778e-43
10	3.547110e-30











1	5.998554e-07
2	2.590988e-07
3	8.941434e-01
4	4.477804e-01
5	3.460420e-57
6	1.831171e-95
7	1.805256e-38
8	1.214905e-121
9	1.146882e-47
10	9.432993e-47











1	3.710929e-08
2	6.339194e-07
3	1.000000e+00
4	1.846667e-57
5	4.429913e-80
6	3.823545e-148
7	3.499745e-151
8	1.694285e-200
9	3.080783e-16
10	3.998547e-46











1	4.156943e-06
2	4.471126e-01
3	9.703008e-265
4	3.684590e-83
5	1.195219e-154
6	1.827704e-81
7	3.531575e-51
8	7.669372e-52
9	2.920757e-16
10	8.944819e-01











1	1.059411e-06
2	5.772107e-01
3	2.837769e-183
4	1.043746e-98
5	2.438605e-139
6	3.911476e-87
7	1.906713e-32
8	8.611146e-226
9	5.775909e-01
10	5.776226e-01











1	1.609710e-06
2	4.470415e-01
3	4.685787e-44
4	6.660585e-38
5	1.109292e-56
6	5.906803e-115
7	3.190809e-35
8	8.838936e-108
9	8.945147e-01
10	4.937226e-198











1	1.773878e-06
2	5.771114e-01
3	1.528735e-61
4	1.166281e-27
5	1.024726e-18
6	1.357976e-63
7	1.000385e-36
8	5.777900e-01
9	8.621965e-20
10	5.771443e-01











1	1.357385e-05
2	5.772456e-01
3	2.132447e-05
4	1.432417e-160
5	1.294989e-07
6	3.188656e-89
7	7.636273e-116
8	5.774722e-01
9	5.773280e-01
10	6.227291e-75











1	3.327605e-06
2	4.474266e-01
3	4.513624e-80
4	4.391412e-117
5	9.395390e-100
6	8.171947e-58
7	1.948386e-43
8	8.943196e-01
9	5.316890e-23
10	9.026588e-71











1	2.799186e-06
2	5.772355e-01
3	1.283603e-162
4	5.742237e-30
5	1.810167e-192
6	3.534053e-70
7	5.792844e-01
8	3.848669e-186
9	4.708927e-40
10	5.779506e-01











1	2.546752e-06
2	5.772287e-01
3	4.796863e-58
4	2.461570e-161
5	9.146623e-88
6	1.755716e-69
7	5.774957e-01
8	6.413068e-53
9	5.773229e-01
10	3.880788e-84











1	1.693577e-07
2	5.774918e-01
3	6.997427e-62
4	1.258522e-100
5	1.491802e-06
6	1.675678e-97
7	5.769703e-01
8	5.775824e-01
9	2.022748e-50
10	1.290556e-29











1	2.830568e-06
2	4.472179e-01
3	1.066964e-157
4	1.021459e-163
5	8.526366e-55
6	1.953189e-63
7	8.944263e-01
8	6.494744e-113
9	7.766468e-32
10	2.135792e-110











1	9.394142e-07
2	5.771317e-01
3	1.202492e-63
4	4.329818e-143
5	1.104539e-18
6	5.774610e-01
7	8.511051e-59
8	1.092464e-74
9	1.144200e-19
10	5.774545e-01











1	3.119974e-04
2	5.772868e-01
3	2.679606e-170
4	4.710549e-72
5	3.547816e-97
6	5.774323e-01
7	3.685271e-38
8	4.387486e-157
9	5.773305e-01
10	2.359282e-80











1	2.190501e-06
2	5.772098e-01
3	1.810166e-221
4	1.738347e-46
5	7.650085e-56
6	5.772977e-01
7	1.560368e-50
8	5.776319e-01
9	1.005630e-48
10	1.728976e-67











1	1.648782e-04
2	5.772636e-01
3	1.036338e-73
4	1.675301e-26
5	3.750627e-51
6	5.778190e-01
7	5.770059e-01
8	2.841788e-59
9	1.082909e-49
10	1.468108e-76











1	5.498677e-06
2	4.471899e-01
3	1.076704e-49
4	3.215419e-26
5	6.557435e-122
6	8.944418e-01
7	2.117014e-125
8	6.341109e-173
9	1.013683e-15
10	1.136190e-42











1	6.500148e-06
2	5.778096e-01
3	4.845045e-115
4	8.196063e-132
5	5.776007e-01
6	5.981801e-133
7	9.426950e-35
8	9.263048e-246
9	5.342937e-44
10	5.774809e-01











1	6.902384e-06
2	5.784552e-01
3	3.495281e-07
4	3.526914e-117
5	5.762555e-01
6	3.186565e-102
7	1.178929e-164
8	4.987115e-95
9	5.773346e-01
10	4.751901e-77











1	2.821965e-05
2	5.772142e-01
3	9.545644e-07
4	2.312479e-28
5	5.772345e-01
6	2.199905e-47
7	7.728028e-11
8	5.776032e-01
9	1.545181e-43
10	1.140184e-142











1	1.544919e-06
2	5.773859e-01
3	7.592417e-53
4	6.820515e-140
5	5.773483e-01
6	2.920623e-54
7	5.774041e-01
8	1.323678e-12
9	8.999861e-35
10	1.077325e-66











1	4.914741e-06
2	5.771904e-01
3	1.866284e-05
4	1.153249e-107
5	5.772170e-01
6	5.776417e-01
7	7.748662e-56
8	1.267370e-85
9	1.161692e-58
10	8.093464e-35











1	1.049366e-05
2	4.470165e-01
3	1.367154e-59
4	0.000000e+00
5	8.945994e-01
6	4.262450e-44
7	8.141714e-103
8	6.204370e-184
9	1.879096e-48
10	3.029182e-48











1	2.659570e-06
2	5.769294e-01
3	1.204611e-08
4	5.776658e-01
5	2.642513e-75
6	5.335943e-53
7	3.771227e-131
8	1.982889e-61
9	4.661564e-38
10	5.774565e-01











1	2.190797e-07
2	5.780004e-01
3	2.083348e-111
4	5.788351e-01
5	7.268009e-14
6	9.531335e-54
7	5.209473e-66
8	1.803056e-149
9	5.778650e-01
10	6.246267e-74











1	9.767305e-06
2	5.777093e-01
3	7.504613e-53
4	5.768007e-01
5	3.539534e-57
6	1.884189e-54
7	3.450326e-53
8	5.776243e-01
9	9.532240e-35
10	6.537256e-132











1	2.642878e-05
2	5.767055e-01
3	7.611109e-11
4	5.763564e-01
5	2.103064e-98
6	6.954148e-81
7	5.791685e-01
8	9.798542e-123
9	1.565924e-30
10	7.605986e-122











1	1.596500e-06
2	5.772445e-01
3	1.807313e-154
4	5.774719e-01
5	7.636341e-19
6	5.773303e-01
7	8.184634e-67
8	3.270554e-90
9	4.158510e-49
10	1.086063e-111











1	3.332593e-05
2	5.777079e-01
3	3.356219e-58
4	5.777321e-01
5	5.766060e-01
6	1.238705e-69
7	8.701911e-49
8	1.263926e-61
9	2.249143e-42
10	8.026278e-101











1	1.166018e-06
2	4.476363e-01
3	2.775875e-136
4	8.942135e-01
5	1.377636e-52
6	4.193159e-38
7	3.517126e-105
8	7.177883e-127
9	5.382858e-16
10	2.017342e-162











1	5.365025e-06
2	5.770515e-01
3	5.775747e-01
4	3.736776e-261
5	8.999840e-60
6	4.082932e-71
7	1.143241e-09
8	1.626298e-70
9	1.995610e-38
10	5.774293e-01











1	6.716298e-06
2	5.773305e-01
3	5.773930e-01
4	9.397225e-104
5	2.085229e-51
6	1.552994e-86
7	1.259904e-120
8	4.803218e-94
9	5.773340e-01
10	1.458998e-45











1	6.783508e-06
2	5.770678e-01
3	5.776976e-01
4	8.709995e-107
5	1.063264e-100
6	2.514110e-47
7	4.770433e-125
8	5.772794e-01
9	8.460493e-24
10	4.596785e-81











1	6.500899e-06
2	5.781780e-01
3	5.782823e-01
4	2.714304e-27
5	9.937231e-181
6	2.218016e-102
7	5.756069e-01
8	7.371183e-17
9	9.042153e-37
10	2.145919e-53











1	6.880529e-06
2	5.791701e-01
3	5.767699e-01
4	9.647376e-132
5	9.816174e-92
6	5.761034e-01
7	2.949142e-121
8	2.400702e-60
9	2.297891e-26
10	4.565678e-13











1	2.939485e-05
2	5.773614e-01
3	5.778512e-01
4	1.305259e-37
5	5.768407e-01
6	1.862336e-47
7	1.865097e-30
8	1.652829e-118
9	5.152621e-35
10	1.106676e-74











1	2.988234e-07
2	5.777239e-01
3	5.793433e-01
4	5.749711e-01
5	1.303775e-149
6	7.483969e-32
7	3.472753e-50
8	2.316953e-150
9	4.151390e-28
10	8.638998e-132











1	4.163034e-06
2	4.472293e-01
3	8.944226e-01
4	4.090964e-28
5	1.743601e-169
6	8.281462e-95
7	1.045382e-137
8	5.188340e-186
9	2.137920e-44
10	2.337467e-71











1	1.007742e-05
2	8.944311e-01
3	2.080072e-12
4	7.187301e-101
5	4.386198e-07
6	2.603262e-88
7	4.006694e-105
8	1.429424e-51
9	5.191496e-16
10	4.472061e-01











1	1.100267e-06
2	8.944571e-01
3	3.836074e-73
4	8.766493e-167
5	1.045559e-113
6	2.305619e-204
7	8.955359e-57
8	2.131009e-153
9	4.471483e-01
10	9.060721e-62











1	5.073864e-06
2	8.944651e-01
3	1.960208e-170
4	2.772605e-147
5	2.487528e-67
6	6.630546e-73
7	6.490956e-39
8	4.471251e-01
9	1.698326e-36
10	2.316638e-150











1	2.285391e-06
2	8.947059e-01
3	1.993476e-44
4	3.088465e-100
5	7.526327e-164
6	6.723520e-85
7	4.466461e-01
8	2.501784e-83
9	3.147400e-26
10	8.815707e-153











1	4.027861e-06
2	8.957823e-01
3	2.012503e-140
4	8.636296e-143
5	2.165892e-11
6	4.478983e-01
7	4.595792e-139
8	2.573023e-08
9	1.881711e-50
10	6.659376e-82











1	2.133367e-05
2	8.945560e-01
3	3.140727e-43
4	0.000000e+00
5	4.471018e-01
6	1.114984e-87
7	1.327699e-38
8	1.410951e-137
9	4.371186e-36
10	5.599723e-93











1	5.743200e-06
2	8.945261e-01
3	5.950767e-165
4	4.470045e-01
5	4.546759e-08
6	6.943179e-98
7	1.158324e-35
8	1.009977e-103
9	3.268715e-43
10	1.096353e-121











1	2.287722e-06
2	8.944384e-01
3	4.471946e-01
4	9.781270e-20
5	1.707852e-07
6	1.631465e-99
7	7.860271e-44
8	4.217054e-146
9	2.710760e-07
10	1.038535e-151











1	2.680608e-09
2	1.000000e+00
3	1.197996e-54
4	8.856528e-28
5	1.774560e-44
6	1.584804e-152
7	2.527865e-115
8	8.717787e-27
9	1.587803e-48
10	1.013919e-23











1	4.472558e-01
2	2.463319e-121
3	8.708803e-193
4	6.750974e-48
5	8.335374e-181
6	1.431913e-102
7	7.878593e-124
8	6.136290e-120
9	3.614248e-37
10	8.943587e-01











1	5.772054e-01
2	1.910025e-88
3	1.054718e-72
4	5.375116e-49
5	7.603076e-27
6	3.782146e-139
7	5.541369e-93
8	7.735312e-73
9	5.773645e-01
10	5.773591e-01











1	4.469540e-01
2	1.304446e-96
3	1.237435e-46
4	1.755578e-30
5	2.723110e-07
6	8.885860e-135
7	1.152019e-143
8	3.304217e-99
9	8.945098e-01
10	3.200506e-31











1	5.772125e-01
2	7.193273e-104
3	5.616713e-06
4	5.024185e-107
5	4.459081e-54
6	1.038620e-36
7	1.748238e-125
8	5.775318e-01
9	4.304136e-52
10	5.771818e-01











1	5.771220e-01
2	1.706747e-89
3	2.876645e-07
4	1.176990e-70
5	8.376153e-27
6	2.659322e-53
7	1.563558e-158
8	5.774670e-01
9	5.773370e-01
10	3.236751e-46











1	4.469551e-01
2	5.930684e-113
3	7.740887e-79
4	2.142752e-119
5	1.358004e-117
6	8.165016e-58
7	1.946734e-43
8	8.945103e-01
9	5.316894e-23
10	5.446137e-78











1	5.770270e-01
2	6.036327e-83
3	6.639698e-75
4	2.887742e-55
5	9.032892e-27
6	1.376240e-158
7	5.774144e-01
8	2.552449e-75
9	9.638941e-19
10	5.774871e-01











1	5.772991e-01
2	3.714077e-42
3	4.824415e-179
4	2.107414e-83
5	1.878239e-20
6	1.920212e-76
7	5.771544e-01
8	1.711005e-73
9	5.774747e-01
10	1.749297e-64











1	5.773872e-01
2	3.757532e-135
3	2.101561e-260
4	1.978930e-174
5	0.000000e+00
6	5.252224e-206
7	5.771541e-01
8	5.773876e-01
9	6.390181e-50
10	5.300863e-77











1	4.471252e-01
2	1.245620e-227
3	1.019130e-195
4	1.232822e-83
5	1.981851e-66
6	1.632748e-134
7	8.944250e-01
8	7.958951e-159
9	3.015108e-31
10	1.402816e-109











1	5.770129e-01
2	2.859393e-124
3	1.327195e-69
4	4.159921e-20
5	4.473657e-18
6	5.774610e-01
7	1.046953e-50
8	2.567722e-65
9	1.462021e-43
10	5.774545e-01











1	5.771737e-01
2	2.519171e-37
3	9.133200e-176
4	2.314123e-123
5	1.004088e-84
6	5.774354e-01
7	7.232712e-38
8	4.400774e-90
9	5.773217e-01
10	2.097937e-80











1	5.770599e-01
2	3.153470e-105
3	7.386558e-298
4	1.093220e-26
5	2.094926e-65
6	5.772666e-01
7	6.978683e-53
8	5.776008e-01
9	3.621298e-46
10	9.829635e-116











1	5.771780e-01
2	2.927492e-94
3	1.029325e-73
4	1.419867e-86
5	2.650608e-51
6	5.778564e-01
7	5.770198e-01
8	7.608506e-209
9	3.005412e-40
10	6.335258e-77











1	4.470978e-01
2	1.011667e-232
3	5.259334e-45
4	3.686461e-153
5	3.671592e-184
6	8.944417e-01
7	1.923869e-71
8	5.496665e-196
9	1.249664e-23
10	4.055747e-68











1	5.772926e-01
2	8.356104e-43
3	3.049537e-115
4	6.472366e-219
5	5.774317e-01
6	4.940387e-182
7	1.604359e-34
8	3.936691e-44
9	6.751615e-52
10	5.772041e-01











1	5.772490e-01
2	6.856343e-98
3	9.160240e-44
4	5.674083e-133
5	5.773856e-01
6	1.416129e-148
7	7.784722e-72
8	7.687291e-98
9	5.773994e-01
10	9.546676e-71











1	5.771683e-01
2	6.918168e-44
3	6.902115e-17
4	9.187714e-162
5	5.773076e-01
6	5.102504e-47
7	5.669133e-87
8	5.774561e-01
9	5.175567e-25
10	1.240004e-69











1	5.772377e-01
2	2.434832e-100
3	9.020830e-148
4	6.820169e-140
5	5.773190e-01
6	1.257199e-23
7	5.773748e-01
8	1.924993e-254
9	8.915401e-50
10	1.077270e-66











1	5.771732e-01
2	3.591135e-83
3	1.376610e-113
4	1.182706e-84
5	5.773345e-01
6	5.774251e-01
7	3.465961e-62
8	1.560497e-290
9	7.216711e-53
10	8.681108e-49











1	4.471043e-01
2	1.818733e-97
3	1.134260e-156
4	9.423598e-162
5	8.944406e-01
6	8.550258e-64
7	4.698220e-52
8	1.449586e-11
9	4.340570e-23
10	7.174214e-43











1	5.776561e-01
2	6.562767e-124
3	4.289159e-170
4	5.773374e-01
5	6.579958e-31
6	5.427162e-49
7	2.291750e-31
8	8.592497e-87
9	2.768283e-43
10	5.773399e-01











1	5.774648e-01
2	4.601106e-178
3	5.917094e-51
4	5.771515e-01
5	9.359325e-34
6	1.319551e-116
7	1.048815e-32
8	8.800815e-172
9	5.773137e-01
10	9.258657e-148











1	5.772386e-01
2	2.305929e-77
3	2.008725e-07
4	5.772334e-01
5	2.067532e-07
6	2.779584e-87
7	2.748584e-24
8	5.774634e-01
9	1.328916e-27
10	9.818460e-75











1	5.772798e-01
2	3.099823e-89
3	1.850380e-285
4	5.771704e-01
5	7.046850e-93
6	2.674945e-22
7	5.774793e-01
8	2.471932e-87
9	3.780442e-37
10	3.993627e-129











1	5.770266e-01
2	3.174435e-222
3	1.996097e-124
4	5.770831e-01
5	3.074797e-38
6	5.778195e-01
7	1.835544e-133
8	4.628825e-46
9	8.975599e-94
10	0.000000e+00











1	5.772938e-01
2	2.650738e-175
3	8.466999e-189
4	5.773692e-01
5	5.772653e-01
6	2.026997e-54
7	1.642744e-48
8	7.246527e-80
9	1.913881e-19
10	1.894426e-137











1	4.475441e-01
2	2.307955e-244
3	2.775875e-136
4	8.942135e-01
5	2.276651e-52
6	3.723098e-59
7	3.517126e-105
8	7.177883e-127
9	5.382858e-16
10	2.017342e-162











1	5.772632e-01
2	8.972215e-55
3	5.774778e-01
4	0.000000e+00
5	6.247276e-111
6	1.340232e-51
7	1.730184e-38
8	3.531746e-67
9	2.347278e-48
10	5.771876e-01











1	5.772120e-01
2	4.774037e-147
3	5.774056e-01
4	9.158998e-29
5	2.346679e-121
6	3.663264e-27
7	1.142010e-124
8	1.085616e-85
9	5.773427e-01
10	6.621187e-142











1	5.771346e-01
2	1.202113e-176
3	5.773411e-01
4	2.007771e-105
5	2.970022e-89
6	4.710774e-54
7	3.878075e-24
8	5.774514e-01
9	1.516303e-27
10	2.404731e-73











1	5.769681e-01
2	2.048341e-30
3	5.775752e-01
4	1.741464e-76
5	1.838121e-55
6	3.799028e-67
7	5.773916e-01
8	3.250155e-127
9	1.704603e-15
10	4.308978e-72











1	5.768930e-01
2	3.847858e-102
3	5.772144e-01
4	4.082363e-07
5	6.449843e-32
6	5.778208e-01
7	9.151532e-38
8	2.955254e-198
9	1.899731e-47
10	3.376633e-48











1	5.774052e-01
2	1.678289e-27
3	5.776110e-01
4	2.749892e-76
5	5.769181e-01
6	3.457772e-94
7	1.436585e-44
8	6.513332e-12
9	8.765510e-16
10	7.111063e-47











1	5.772954e-01
2	3.987001e-32
3	5.775017e-01
4	5.771318e-01
5	1.797683e-07
6	4.239580e-124
7	2.100556e-71
8	1.153658e-43
9	1.518021e-29
10	1.308594e-153











1	4.471407e-01
2	3.357640e-93
3	8.944296e-01
4	2.107970e-138
5	3.518125e-31
6	4.845025e-49
7	2.183689e-62
8	3.411316e-173
9	7.618149e-52
10	7.546535e-49











1	5.773211e-01
2	5.771593e-01
3	1.353451e-46
4	3.093102e-46
5	7.808037e-18
6	4.960783e-45
7	1.753076e-105
8	2.339977e-64
9	4.323405e-16
10	5.774459e-01











1	5.772100e-01
2	5.773487e-01
3	2.318348e-50
4	3.449571e-225
5	1.161226e-47
6	2.293386e-59
7	6.181586e-166
8	4.864363e-34
9	5.773663e-01
10	3.097827e-47











1	5.771339e-01
2	5.772223e-01
3	1.033533e-263
4	3.834507e-214
5	7.306945e-152
6	1.708825e-116
7	1.940137e-42
8	5.776329e-01
9	9.374225e-37
10	4.355757e-151











1	5.772063e-01
2	5.772411e-01
3	2.189079e-189
4	2.587353e-07
5	1.307645e-08
6	6.996645e-55
7	5.774791e-01
8	5.087049e-87
9	3.322229e-47
10	7.392610e-126











1	5.771522e-01
2	5.775810e-01
3	1.266351e-73
4	1.281618e-73
5	3.089136e-64
6	5.775306e-01
7	2.164726e-150
8	3.292732e-61
9	1.479924e-46
10	2.450501e-44











1	5.735720e-01
2	5.737879e-01
3	3.601242e-197
4	5.702280e-129
5	5.845005e-01
6	1.403715e-20
7	1.821807e-42
8	6.513315e-12
9	1.232836e-40
10	3.234644e-34











1	5.768563e-01
2	5.770855e-01
3	1.319359e-145
4	5.779888e-01
5	5.427324e-55
6	3.853022e-208
7	4.066138e-30
8	1.557827e-185
9	2.450579e-26
10	1.111633e-74











1	5.772209e-01
2	5.777282e-01
3	5.773987e-01
4	4.597974e-138
5	8.865335e-26
6	5.182444e-182
7	7.344058e-109
8	2.554644e-90
9	2.008857e-15
10	2.567405e-36











1	4.470554e-01
2	8.944579e-01
3	3.500392e-215
4	7.829133e-128
5	1.108450e-91
6	3.170876e-54
7	2.630423e-30
8	8.120774e-61
9	7.935212e-25
10	8.357396e-58











1	8.942429e-01
2	2.052487e-126
3	1.982059e-42
4	5.753622e-115
5	4.562641e-10
6	2.215105e-23
7	4.482251e-87
8	1.101876e-11
9	1.464206e-92
10	4.472042e-01











1	8.942368e-01
2	2.351437e-229
3	1.030050e-147
4	9.540187e-08
5	5.816823e-28
6	2.886009e-86
7	1.657661e-24
8	3.138829e-59
9	4.472173e-01
10	4.943379e-37











1	8.942810e-01
2	5.551502e-103
3	1.960208e-170
4	2.772605e-147
5	1.897148e-18
6	7.274281e-73
7	6.490956e-39
8	4.471251e-01
9	5.526522e-19
10	2.619976e-150











1	8.950677e-01
2	5.012056e-264
3	8.157679e-43
4	2.655646e-105
5	8.152616e-88
6	4.523545e-84
7	4.476188e-01
8	8.734853e-201
9	3.651555e-11
10	1.173735e-39











1	8.942654e-01
2	7.121969e-70
3	5.459142e-12
4	7.816414e-91
5	1.876212e-18
6	4.471580e-01
7	5.815769e-54
8	8.348868e-17
9	2.915353e-50
10	2.543093e-98











1	8.942510e-01
2	2.790311e-120
3	1.551112e-38
4	4.549893e-112
5	4.471877e-01
6	6.493024e-33
7	1.040821e-36
8	2.820082e-58
9	3.683257e-35
10	3.501075e-35











1	8.943589e-01
2	4.402218e-80
3	3.163897e-135
4	4.469842e-01
5	1.377644e-52
6	1.351829e-83
7	8.523428e-42
8	1.946378e-240
9	5.086441e-43
10	7.316112e-109











1	8.942485e-01
2	1.297997e-142
3	4.471917e-01
4	5.842142e-53
5	1.574862e-161
6	7.571386e-47
7	8.816759e-113
8	9.371703e-118
9	1.242306e-45
10	6.016579e-107











1	8.943591e-01
2	4.469678e-01
3	9.922653e-47
4	4.268293e-48
5	5.787815e-62
6	1.022308e-136
7	3.697344e-131
8	6.129888e-218
9	4.218604e-46
10	1.593174e-115











1	1.000000e+00
2	2.395266e-103
3	6.520459e-285
4	6.962678e-100
5	3.621287e-140
6	1.308094e-96
7	5.002238e-110
8	0.000000e+00
9	8.560075e-92
10	2.604064e-138











1	7.286637e-02
2	7.286249e-02
3	9.113840e-02
4	7.851274e-02
5	1.098909e-01
6	9.014578e-02
7	4.352842e-02
8	1.101543e-01
9	8.918485e-02
10	9.657762e-01











1	1.095074e-01
2	1.285745e-01
3	1.109376e-01
4	1.165443e-01
5	1.180649e-01
6	1.521674e-01
7	1.062286e-01
8	1.550617e-01
9	6.417941e-01
10	6.806479e-01











1	7.829520e-02
2	8.547893e-02
3	8.466846e-02
4	8.193411e-02
5	8.425636e-02
6	1.079341e-01
7	1.000600e-01
8	8.639506e-02
9	9.649735e-01
10	7.722722e-02











1	1.398889e-01
2	9.967012e-02
3	8.106498e-02
4	1.196109e-01
5	1.333553e-01
6	1.066003e-01
7	8.428694e-02
8	6.864961e-01
9	1.003373e-01
10	6.588062e-01











1	1.283391e-01
2	9.375255e-02
3	1.039312e-01
4	1.084239e-01
5	1.105314e-01
6	1.150720e-01
7	1.261050e-01
8	6.961050e-01
9	6.559573e-01
10	9.413786e-02











1	9.075733e-02
2	8.592403e-02
3	8.151955e-02
4	8.651644e-02
5	7.661221e-02
6	6.410527e-02
7	3.438788e-02
8	9.720912e-01
9	9.404738e-02
10	9.287182e-02











1	1.269736e-01
2	9.088895e-02
3	1.026440e-01
4	1.060025e-01
5	1.095527e-01
6	1.125442e-01
7	6.794922e-01
8	1.084044e-01
9	1.108599e-01
10	6.658967e-01











1	1.189044e-01
2	9.047964e-02
3	1.008043e-01
4	1.037167e-01
5	1.005403e-01
6	8.658181e-02
7	6.816121e-01
8	8.286977e-02
9	6.742769e-01
10	1.159037e-01











1	1.062545e-01
2	1.206913e-01
3	1.029021e-01
4	1.040736e-01
5	1.177561e-01
6	1.325075e-01
7	6.767252e-01
8	6.641281e-01
9	1.118595e-01
10	1.160133e-01











1	9.619998e-02
2	9.278489e-02
3	8.742917e-02
4	5.203623e-02
5	8.489902e-02
6	8.773361e-02
7	9.660641e-01
8	9.188611e-02
9	8.130875e-02
10	9.257496e-02











1	1.016633e-01
2	1.005800e-01
3	1.181283e-01
4	1.052430e-01
5	1.074333e-01
6	6.674635e-01
7	1.121842e-01
8	1.106791e-01
9	1.091253e-01
10	6.787639e-01











1	1.005213e-01
2	1.145695e-01
3	1.256090e-01
4	1.141773e-01
5	1.140327e-01
6	6.726539e-01
7	1.233897e-01
8	1.092801e-01
9	6.684082e-01
10	9.246233e-02











1	1.094845e-01
2	1.241771e-01
3	1.063337e-01
4	1.095215e-01
5	1.149201e-01
6	6.693671e-01
7	1.130048e-01
8	6.712149e-01
9	1.183332e-01
10	1.065917e-01











1	1.043999e-01
2	1.190321e-01
3	1.161193e-01
4	1.132431e-01
5	1.141415e-01
6	6.652930e-01
7	6.748853e-01
8	1.096951e-01
9	1.132760e-01
10	1.164144e-01











1	7.063809e-02
2	8.055785e-02
3	7.582793e-02
4	7.651477e-02
5	1.114340e-01
6	9.677261e-01
7	7.178656e-02
8	1.055341e-01
9	8.147276e-02
10	9.172812e-02











1	1.094001e-01
2	1.079594e-01
3	1.126866e-01
4	1.382585e-01
5	6.677169e-01
6	1.002995e-01
7	1.131036e-01
8	1.114477e-01
9	9.093896e-02
10	6.822487e-01











1	1.120776e-01
2	1.277603e-01
3	1.117470e-01
4	1.175771e-01
5	6.741529e-01
6	9.993875e-02
7	1.170450e-01
8	1.099688e-01
9	6.687918e-01
10	1.027753e-01











1	1.151459e-01
2	1.347253e-01
3	1.136085e-01
4	1.211347e-01
5	6.755771e-01
6	1.090537e-01
7	1.223893e-01
8	6.584423e-01
9	1.202000e-01
10	1.160975e-01











1	1.004597e-01
2	1.101089e-01
3	1.091947e-01
4	1.097619e-01
5	6.799533e-01
6	1.025005e-01
7	6.690849e-01
8	1.049743e-01
9	1.198776e-01
10	1.159122e-01











1	1.009924e-01
2	1.151492e-01
3	1.112404e-01
4	1.089082e-01
5	6.303756e-01
6	7.040652e-01
7	1.545198e-01
8	1.099222e-01
9	1.129715e-01
10	1.176030e-01











1	7.689592e-02
2	7.752908e-02
3	8.044835e-02
4	1.122351e-01
5	9.648882e-01
6	8.647811e-02
7	8.035654e-02
8	1.020744e-01
9	7.536335e-02
10	8.923103e-02











1	8.251774e-02
2	8.134161e-02
3	8.440360e-02
4	6.745388e-01
5	1.093449e-01
6	9.908577e-02
7	1.125085e-01
8	1.100907e-01
9	1.156944e-01
10	6.815470e-01











1	1.112354e-01
2	1.224998e-01
3	1.095635e-01
4	6.742453e-01
5	9.236606e-02
6	1.083350e-01
7	1.141752e-01
8	1.101630e-01
9	6.687246e-01
10	1.175056e-01











1	9.481578e-02
2	9.303555e-02
3	9.698905e-02
4	6.901669e-01
5	9.390160e-02
6	1.086371e-01
7	1.147050e-01
8	6.605900e-01
9	1.126205e-01
10	1.173498e-01











1	7.632282e-02
2	8.951319e-02
3	1.173496e-01
4	6.726087e-01
5	9.124538e-02
6	1.114154e-01
7	6.787696e-01
8	1.010335e-01
9	1.213625e-01
10	1.174624e-01











1	1.136553e-01
2	1.252803e-01
3	1.408628e-01
4	6.632316e-01
5	1.027834e-01
6	6.677508e-01
7	1.263610e-01
8	1.122166e-01
9	1.132985e-01
10	1.194065e-01











1	1.114213e-01
2	1.270423e-01
3	1.410936e-01
4	6.625924e-01
5	6.696258e-01
6	9.916332e-02
7	1.350563e-01
8	1.111545e-01
9	1.128053e-01
10	1.103045e-01











1	8.765545e-02
2	8.806401e-02
3	8.160310e-02
4	9.610462e-01
5	8.957365e-02
6	1.032977e-01
7	9.421221e-02
8	8.888148e-02
9	1.002723e-01
10	9.366697e-02











1	1.274269e-01
2	1.383468e-01
3	6.719223e-01
4	1.221358e-01
5	9.308996e-02
6	1.094945e-01
7	1.126433e-01
8	8.292590e-02
9	9.794156e-02
10	6.722671e-01











1	8.456524e-02
2	9.635842e-02
3	6.815675e-01
4	1.184479e-01
5	9.382869e-02
6	9.886044e-02
7	1.140999e-01
8	1.100929e-01
9	6.689858e-01
10	1.172164e-01











1	1.021345e-01
2	1.164945e-01
3	6.652295e-01
4	1.133582e-01
5	1.229237e-01
6	1.085084e-01
7	1.052028e-01
8	6.783357e-01
9	1.121590e-01
10	1.056174e-01











1	9.563431e-02
2	1.124533e-01
3	6.861568e-01
4	1.153420e-01
5	9.448114e-02
6	1.016487e-01
7	6.583789e-01
8	1.125390e-01
9	1.221029e-01
10	1.174498e-01











1	1.104789e-01
2	1.028415e-01
3	6.648256e-01
4	1.179264e-01
5	9.215383e-02
6	6.792408e-01
7	1.261249e-01
8	1.112209e-01
9	1.126962e-01
10	1.195687e-01











1	1.069087e-01
2	1.292068e-01
3	6.652737e-01
4	1.250401e-01
5	6.731724e-01
6	1.108710e-01
7	1.050227e-01
8	1.046339e-01
9	1.222925e-01
10	1.061154e-01











1	1.222004e-01
2	1.162497e-01
3	6.715846e-01
4	6.606902e-01
5	1.159814e-01
6	1.230888e-01
7	1.329897e-01
8	1.109243e-01
9	1.077448e-01
10	1.175133e-01











1	7.130359e-02
2	9.281080e-02
3	9.671981e-01
4	6.748099e-02
5	9.288890e-02
6	8.610579e-02
7	8.611206e-02
8	7.797974e-02
9	8.283868e-02
10	9.947035e-02











1	1.065056e-01
2	6.990892e-01
3	1.118290e-01
4	1.331823e-01
5	1.013616e-01
6	1.060155e-01
7	1.159395e-01
8	7.732808e-02
9	1.019291e-01
10	6.482183e-01











1	1.049137e-01
2	6.692798e-01
3	1.046647e-01
4	1.270348e-01
5	1.352711e-01
6	9.890426e-02
7	1.150691e-01
8	7.512352e-02
9	6.736081e-01
10	1.171927e-01











1	1.011024e-01
2	6.700566e-01
3	1.074987e-01
4	1.138704e-01
5	1.234791e-01
6	1.084454e-01
7	1.127185e-01
8	6.728621e-01
9	1.118765e-01
10	1.062722e-01











1	1.021486e-01
2	6.513906e-01
3	1.078963e-01
4	1.108841e-01
5	1.200681e-01
6	1.058223e-01
7	6.934970e-01
8	1.100243e-01
9	1.124499e-01
10	1.056937e-01











1	1.027993e-01
2	6.813027e-01
3	1.103697e-01
4	1.222941e-01
5	1.257987e-01
6	6.569133e-01
7	1.277974e-01
8	1.069200e-01
9	1.130716e-01
10	1.057763e-01











1	1.022626e-01
2	6.707488e-01
3	1.073074e-01
4	1.251366e-01
5	6.741648e-01
6	1.113828e-01
7	1.050411e-01
8	1.047795e-01
9	1.111985e-01
10	1.057042e-01











1	1.063358e-01
2	6.684890e-01
3	1.055999e-01
4	6.722732e-01
5	1.290097e-01
6	1.116285e-01
7	1.208033e-01
8	1.110332e-01
9	1.124460e-01
10	1.001560e-01











1	1.142615e-01
2	6.660288e-01
3	6.753786e-01
4	1.133079e-01
5	1.265892e-01
6	9.844027e-02
7	1.192205e-01
8	1.137378e-01
9	1.129101e-01
10	1.098238e-01











1	9.045852e-02
2	9.639464e-01
3	8.453696e-02
4	1.139844e-01
5	9.092643e-02
6	9.995991e-02
7	8.709445e-02
8	7.607890e-02
9	8.255300e-02
10	8.478556e-02











1	6.758926e-01
2	9.801154e-02
3	1.084192e-01
4	1.145598e-01
5	9.140902e-02
6	1.028903e-01
7	1.187583e-01
8	1.123777e-01
9	1.233864e-01
10	6.718750e-01











1	6.674712e-01
2	8.832985e-02
3	1.068864e-01
4	1.351118e-01
5	9.270186e-02
6	9.935553e-02
7	1.161473e-01
8	1.113007e-01
9	6.871524e-01
10	9.693899e-02











1	6.758340e-01
2	9.139119e-02
3	1.086025e-01
4	1.142716e-01
5	9.293074e-02
6	1.148751e-01
7	1.130952e-01
8	6.708779e-01
9	1.227812e-01
10	1.062350e-01











1	6.612842e-01
2	1.206285e-01
3	1.039409e-01
4	1.128428e-01
5	1.224334e-01
6	9.757338e-02
7	6.826692e-01
8	1.124207e-01
9	1.007035e-01
10	1.053701e-01











1	6.619215e-01
2	1.178574e-01
3	1.065781e-01
4	1.177734e-01
5	9.203428e-02
6	6.783596e-01
7	1.259531e-01
8	1.110765e-01
9	1.125499e-01
10	1.194134e-01











1	6.698922e-01
2	1.183280e-01
3	1.059081e-01
4	1.140189e-01
5	6.711896e-01
6	1.064132e-01
7	1.261139e-01
8	1.102149e-01
9	1.127586e-01
10	1.098219e-01











1	6.737432e-01
2	1.254316e-01
3	1.083062e-01
4	6.612862e-01
5	1.159919e-01
6	1.232805e-01
7	1.331968e-01
8	1.135879e-01
9	1.081692e-01
10	1.177329e-01











1	6.676359e-01
2	1.326953e-01
3	6.709297e-01
4	1.133585e-01
5	1.156723e-01
6	9.648988e-02
7	1.280806e-01
8	1.124967e-01
9	1.134648e-01
10	1.099050e-01











1	6.416913e-01
2	6.952020e-01
3	9.017497e-02
4	1.116306e-01
5	1.258868e-01
6	9.856743e-02
7	1.289258e-01
8	1.123871e-01
9	1.311152e-01
10	1.102149e-01











1	9.650220e-01
2	7.883539e-02
3	8.405905e-02
4	1.151415e-01
5	9.315873e-02
6	1.004029e-01
7	8.713640e-02
8	7.613331e-02
9	7.553887e-02
10	8.452830e-02











1	0.000000e+00
2	0.000000e+00
3	2.847582e-97
4	1.995952e-43
5	1.900870e-203
6	6.219690e-38
7	1.209447e-118
8	2.014100e-69
9	6.346508e-77
10	1.000000e+00











